<?xml version="1.0" encoding="utf-8"?>
<CoverageSession xmlns:xsd="http://www.w3.org/2001/XMLSchema" xmlns:xsi="http://www.w3.org/2001/XMLSchema-instance" Version="4.6.0.0">
  <Summary numSequencePoints="1152" visitedSequencePoints="373" numBranchPoints="443" visitedBranchPoints="130" sequenceCoverage="32.38" branchCoverage="29.35" maxCyclomaticComplexity="55" minCyclomaticComplexity="1" maxCrapScore="132" minCrapScore="1" visitedClasses="10" numClasses="39" visitedMethods="113" numMethods="245" />
  <Modules>
    <Module hash="6A-05-0C-BA-B3-B4-27-C6-4E-C4-A9-E5-6C-CF-A0-4F-EA-F3-6B-45">
      <Summary numSequencePoints="83" visitedSequencePoints="80" numBranchPoints="20" visitedBranchPoints="20" sequenceCoverage="96.39" branchCoverage="100" maxCyclomaticComplexity="1" minCyclomaticComplexity="1" maxCrapScore="1.22" minCrapScore="1" visitedClasses="5" numClasses="5" visitedMethods="20" numMethods="20" />
      <ModulePath>C:\Users\shelb\VisualStudio2017_Projects\Prototype\Prototype.Tests\bin\Debug\Prototype.Tests.dll</ModulePath>
      <ModuleTime>2018-03-14T19:56:54.7572818Z</ModuleTime>
      <ModuleName>Prototype.Tests</ModuleName>
      <Files>
        <File uid="1" fullPath="C:\Users\shelb\VisualStudio2017_Projects\Prototype\Prototype.Tests\EmailValidTest.cs" />
        <File uid="2" fullPath="C:\Users\shelb\VisualStudio2017_Projects\Prototype\Prototype.Tests\EmptyNullTest.cs" />
        <File uid="3" fullPath="C:\Users\shelb\VisualStudio2017_Projects\Prototype\Prototype.Tests\GetTeacherDataTest.cs" />
        <File uid="4" fullPath="C:\Users\shelb\VisualStudio2017_Projects\Prototype\Prototype.Tests\PhoneValidTest.cs" />
        <File uid="5" fullPath="C:\Users\shelb\VisualStudio2017_Projects\Prototype\Prototype.Tests\ZipValidTest.cs" />
      </Files>
      <Classes>
        <Class>
          <Summary numSequencePoints="21" visitedSequencePoints="21" numBranchPoints="5" visitedBranchPoints="5" sequenceCoverage="100" branchCoverage="100" maxCyclomaticComplexity="1" minCyclomaticComplexity="1" maxCrapScore="1" minCrapScore="1" visitedClasses="1" numClasses="1" visitedMethods="5" numMethods="5" />
          <FullName>UnitTests.EmailValidTest</FullName>
          <Methods>
            <Method visited="true" cyclomaticComplexity="1" nPathComplexity="0" sequenceCoverage="100" branchCoverage="100" crapScore="1" isConstructor="true" isStatic="false" isGetter="false" isSetter="false">
              <Summary numSequencePoints="5" visitedSequencePoints="5" numBranchPoints="1" visitedBranchPoints="1" sequenceCoverage="100" branchCoverage="100" maxCyclomaticComplexity="1" minCyclomaticComplexity="1" maxCrapScore="1" minCrapScore="1" visitedClasses="0" numClasses="0" visitedMethods="1" numMethods="1" />
              <MetadataToken>100663297</MetadataToken>
              <Name>System.Void UnitTests.EmailValidTest::.ctor()</Name>
              <FileRef uid="1" />
              <SequencePoints>
                <SequencePoint vc="1" uspid="1" ordinal="0" offset="0" sl="12" sc="9" el="12" ec="32" bec="0" bev="0" fileid="1" />
                <SequencePoint vc="1" uspid="2" ordinal="1" offset="7" sl="13" sc="9" el="13" ec="10" bec="0" bev="0" fileid="1" />
                <SequencePoint vc="1" uspid="3" ordinal="2" offset="8" sl="14" sc="13" el="14" ec="59" bec="0" bev="0" fileid="1" />
                <SequencePoint vc="1" uspid="4" ordinal="3" offset="19" sl="15" sc="13" el="15" ec="37" bec="0" bev="0" fileid="1" />
                <SequencePoint vc="1" uspid="5" ordinal="4" offset="30" sl="16" sc="9" el="16" ec="10" bec="0" bev="0" fileid="1" />
              </SequencePoints>
              <BranchPoints />
              <MethodPoint xsi:type="SequencePoint" vc="1" uspid="1" ordinal="0" offset="0" sl="12" sc="9" el="12" ec="32" bec="0" bev="0" fileid="1" />
            </Method>
            <Method visited="true" cyclomaticComplexity="1" nPathComplexity="0" sequenceCoverage="100" branchCoverage="100" crapScore="1" isConstructor="false" isStatic="false" isGetter="false" isSetter="false">
              <Summary numSequencePoints="4" visitedSequencePoints="4" numBranchPoints="1" visitedBranchPoints="1" sequenceCoverage="100" branchCoverage="100" maxCyclomaticComplexity="1" minCyclomaticComplexity="1" maxCrapScore="1" minCrapScore="1" visitedClasses="0" numClasses="0" visitedMethods="1" numMethods="1" />
              <MetadataToken>100663298</MetadataToken>
              <Name>System.Void UnitTests.EmailValidTest::TestEmail_WithWrongStart()</Name>
              <FileRef uid="1" />
              <SequencePoints>
                <SequencePoint vc="1" uspid="6" ordinal="0" offset="0" sl="20" sc="9" el="20" ec="10" bec="0" bev="0" fileid="1">
                  <TrackedMethodRefs>
                    <TrackedMethodRef uid="1" vc="1" />
                  </TrackedMethodRefs>
                </SequencePoint>
                <SequencePoint vc="1" uspid="7" ordinal="1" offset="1" sl="21" sc="13" el="21" ec="43" bec="0" bev="0" fileid="1">
                  <TrackedMethodRefs>
                    <TrackedMethodRef uid="1" vc="1" />
                  </TrackedMethodRefs>
                </SequencePoint>
                <SequencePoint vc="1" uspid="8" ordinal="2" offset="18" sl="22" sc="13" el="22" ec="57" bec="0" bev="0" fileid="1">
                  <TrackedMethodRefs>
                    <TrackedMethodRef uid="1" vc="1" />
                  </TrackedMethodRefs>
                </SequencePoint>
                <SequencePoint vc="1" uspid="9" ordinal="3" offset="41" sl="23" sc="9" el="23" ec="10" bec="0" bev="0" fileid="1">
                  <TrackedMethodRefs>
                    <TrackedMethodRef uid="1" vc="1" />
                  </TrackedMethodRefs>
                </SequencePoint>
              </SequencePoints>
              <BranchPoints />
              <MethodPoint xsi:type="SequencePoint" vc="1" uspid="6" ordinal="0" offset="0" sl="20" sc="9" el="20" ec="10" bec="0" bev="0" fileid="1">
                <TrackedMethodRefs>
                  <TrackedMethodRef uid="1" vc="1" />
                </TrackedMethodRefs>
              </MethodPoint>
            </Method>
            <Method visited="true" cyclomaticComplexity="1" nPathComplexity="0" sequenceCoverage="100" branchCoverage="100" crapScore="1" isConstructor="false" isStatic="false" isGetter="false" isSetter="false">
              <Summary numSequencePoints="4" visitedSequencePoints="4" numBranchPoints="1" visitedBranchPoints="1" sequenceCoverage="100" branchCoverage="100" maxCyclomaticComplexity="1" minCyclomaticComplexity="1" maxCrapScore="1" minCrapScore="1" visitedClasses="0" numClasses="0" visitedMethods="1" numMethods="1" />
              <MetadataToken>100663299</MetadataToken>
              <Name>System.Void UnitTests.EmailValidTest::TestEmail_WithWrongEnding()</Name>
              <FileRef uid="1" />
              <SequencePoints>
                <SequencePoint vc="1" uspid="10" ordinal="0" offset="0" sl="28" sc="9" el="28" ec="10" bec="0" bev="0" fileid="1">
                  <TrackedMethodRefs>
                    <TrackedMethodRef uid="2" vc="1" />
                  </TrackedMethodRefs>
                </SequencePoint>
                <SequencePoint vc="1" uspid="11" ordinal="1" offset="1" sl="29" sc="13" el="29" ec="43" bec="0" bev="0" fileid="1">
                  <TrackedMethodRefs>
                    <TrackedMethodRef uid="2" vc="1" />
                  </TrackedMethodRefs>
                </SequencePoint>
                <SequencePoint vc="1" uspid="12" ordinal="2" offset="18" sl="30" sc="13" el="30" ec="57" bec="0" bev="0" fileid="1">
                  <TrackedMethodRefs>
                    <TrackedMethodRef uid="2" vc="1" />
                  </TrackedMethodRefs>
                </SequencePoint>
                <SequencePoint vc="1" uspid="13" ordinal="3" offset="41" sl="31" sc="9" el="31" ec="10" bec="0" bev="0" fileid="1">
                  <TrackedMethodRefs>
                    <TrackedMethodRef uid="2" vc="1" />
                  </TrackedMethodRefs>
                </SequencePoint>
              </SequencePoints>
              <BranchPoints />
              <MethodPoint xsi:type="SequencePoint" vc="1" uspid="10" ordinal="0" offset="0" sl="28" sc="9" el="28" ec="10" bec="0" bev="0" fileid="1">
                <TrackedMethodRefs>
                  <TrackedMethodRef uid="2" vc="1" />
                </TrackedMethodRefs>
              </MethodPoint>
            </Method>
            <Method visited="true" cyclomaticComplexity="1" nPathComplexity="0" sequenceCoverage="100" branchCoverage="100" crapScore="1" isConstructor="false" isStatic="false" isGetter="false" isSetter="false">
              <Summary numSequencePoints="4" visitedSequencePoints="4" numBranchPoints="1" visitedBranchPoints="1" sequenceCoverage="100" branchCoverage="100" maxCyclomaticComplexity="1" minCyclomaticComplexity="1" maxCrapScore="1" minCrapScore="1" visitedClasses="0" numClasses="0" visitedMethods="1" numMethods="1" />
              <MetadataToken>100663300</MetadataToken>
              <Name>System.Void UnitTests.EmailValidTest::TestEmail_WithNoAt()</Name>
              <FileRef uid="1" />
              <SequencePoints>
                <SequencePoint vc="1" uspid="14" ordinal="0" offset="0" sl="35" sc="9" el="35" ec="10" bec="0" bev="0" fileid="1">
                  <TrackedMethodRefs>
                    <TrackedMethodRef uid="3" vc="1" />
                  </TrackedMethodRefs>
                </SequencePoint>
                <SequencePoint vc="1" uspid="15" ordinal="1" offset="1" sl="36" sc="13" el="36" ec="46" bec="0" bev="0" fileid="1">
                  <TrackedMethodRefs>
                    <TrackedMethodRef uid="3" vc="1" />
                  </TrackedMethodRefs>
                </SequencePoint>
                <SequencePoint vc="1" uspid="16" ordinal="2" offset="18" sl="37" sc="13" el="37" ec="57" bec="0" bev="0" fileid="1">
                  <TrackedMethodRefs>
                    <TrackedMethodRef uid="3" vc="1" />
                  </TrackedMethodRefs>
                </SequencePoint>
                <SequencePoint vc="1" uspid="17" ordinal="3" offset="41" sl="38" sc="9" el="38" ec="10" bec="0" bev="0" fileid="1">
                  <TrackedMethodRefs>
                    <TrackedMethodRef uid="3" vc="1" />
                  </TrackedMethodRefs>
                </SequencePoint>
              </SequencePoints>
              <BranchPoints />
              <MethodPoint xsi:type="SequencePoint" vc="1" uspid="14" ordinal="0" offset="0" sl="35" sc="9" el="35" ec="10" bec="0" bev="0" fileid="1">
                <TrackedMethodRefs>
                  <TrackedMethodRef uid="3" vc="1" />
                </TrackedMethodRefs>
              </MethodPoint>
            </Method>
            <Method visited="true" cyclomaticComplexity="1" nPathComplexity="0" sequenceCoverage="100" branchCoverage="100" crapScore="1" isConstructor="false" isStatic="false" isGetter="false" isSetter="false">
              <Summary numSequencePoints="4" visitedSequencePoints="4" numBranchPoints="1" visitedBranchPoints="1" sequenceCoverage="100" branchCoverage="100" maxCyclomaticComplexity="1" minCyclomaticComplexity="1" maxCrapScore="1" minCrapScore="1" visitedClasses="0" numClasses="0" visitedMethods="1" numMethods="1" />
              <MetadataToken>100663301</MetadataToken>
              <Name>System.Void UnitTests.EmailValidTest::TestEmail_WithValid()</Name>
              <FileRef uid="1" />
              <SequencePoints>
                <SequencePoint vc="1" uspid="18" ordinal="0" offset="0" sl="42" sc="9" el="42" ec="10" bec="0" bev="0" fileid="1">
                  <TrackedMethodRefs>
                    <TrackedMethodRef uid="4" vc="1" />
                  </TrackedMethodRefs>
                </SequencePoint>
                <SequencePoint vc="1" uspid="19" ordinal="1" offset="1" sl="43" sc="13" el="43" ec="47" bec="0" bev="0" fileid="1">
                  <TrackedMethodRefs>
                    <TrackedMethodRef uid="4" vc="1" />
                  </TrackedMethodRefs>
                </SequencePoint>
                <SequencePoint vc="1" uspid="20" ordinal="2" offset="18" sl="44" sc="13" el="44" ec="56" bec="0" bev="0" fileid="1">
                  <TrackedMethodRefs>
                    <TrackedMethodRef uid="4" vc="1" />
                  </TrackedMethodRefs>
                </SequencePoint>
                <SequencePoint vc="1" uspid="21" ordinal="3" offset="41" sl="45" sc="9" el="45" ec="10" bec="0" bev="0" fileid="1">
                  <TrackedMethodRefs>
                    <TrackedMethodRef uid="4" vc="1" />
                  </TrackedMethodRefs>
                </SequencePoint>
              </SequencePoints>
              <BranchPoints />
              <MethodPoint xsi:type="SequencePoint" vc="1" uspid="18" ordinal="0" offset="0" sl="42" sc="9" el="42" ec="10" bec="0" bev="0" fileid="1">
                <TrackedMethodRefs>
                  <TrackedMethodRef uid="4" vc="1" />
                </TrackedMethodRefs>
              </MethodPoint>
            </Method>
          </Methods>
        </Class>
        <Class>
          <Summary numSequencePoints="19" visitedSequencePoints="16" numBranchPoints="4" visitedBranchPoints="4" sequenceCoverage="84.21" branchCoverage="100" maxCyclomaticComplexity="1" minCyclomaticComplexity="1" maxCrapScore="1.22" minCrapScore="1" visitedClasses="1" numClasses="1" visitedMethods="4" numMethods="4" />
          <FullName>UnitTests.EmptyNullTest</FullName>
          <Methods>
            <Method visited="true" cyclomaticComplexity="1" nPathComplexity="0" sequenceCoverage="100" branchCoverage="100" crapScore="1" isConstructor="true" isStatic="false" isGetter="false" isSetter="false">
              <Summary numSequencePoints="6" visitedSequencePoints="6" numBranchPoints="1" visitedBranchPoints="1" sequenceCoverage="100" branchCoverage="100" maxCyclomaticComplexity="1" minCyclomaticComplexity="1" maxCrapScore="1" minCrapScore="1" visitedClasses="0" numClasses="0" visitedMethods="1" numMethods="1" />
              <MetadataToken>100663302</MetadataToken>
              <Name>System.Void UnitTests.EmptyNullTest::.ctor()</Name>
              <FileRef uid="2" />
              <SequencePoints>
                <SequencePoint vc="1" uspid="22" ordinal="0" offset="0" sl="13" sc="9" el="13" ec="31" bec="0" bev="0" fileid="2" />
                <SequencePoint vc="1" uspid="23" ordinal="1" offset="7" sl="14" sc="9" el="14" ec="10" bec="0" bev="0" fileid="2" />
                <SequencePoint vc="1" uspid="24" ordinal="2" offset="8" sl="15" sc="13" el="15" ec="59" bec="0" bev="0" fileid="2" />
                <SequencePoint vc="1" uspid="25" ordinal="3" offset="19" sl="16" sc="13" el="16" ec="37" bec="0" bev="0" fileid="2" />
                <SequencePoint vc="1" uspid="26" ordinal="4" offset="30" sl="17" sc="13" el="17" ec="39" bec="0" bev="0" fileid="2" />
                <SequencePoint vc="1" uspid="27" ordinal="5" offset="41" sl="18" sc="9" el="18" ec="10" bec="0" bev="0" fileid="2" />
              </SequencePoints>
              <BranchPoints />
              <MethodPoint xsi:type="SequencePoint" vc="1" uspid="22" ordinal="0" offset="0" sl="13" sc="9" el="13" ec="31" bec="0" bev="0" fileid="2" />
            </Method>
            <Method visited="true" cyclomaticComplexity="1" nPathComplexity="0" sequenceCoverage="40" branchCoverage="100" crapScore="1.22" isConstructor="false" isStatic="false" isGetter="false" isSetter="false">
              <Summary numSequencePoints="5" visitedSequencePoints="2" numBranchPoints="1" visitedBranchPoints="1" sequenceCoverage="40" branchCoverage="100" maxCyclomaticComplexity="1" minCyclomaticComplexity="1" maxCrapScore="1.22" minCrapScore="1.22" visitedClasses="0" numClasses="0" visitedMethods="1" numMethods="1" />
              <MetadataToken>100663303</MetadataToken>
              <Name>System.Void UnitTests.EmptyNullTest::TestEmptyOrNull_WithNull()</Name>
              <FileRef uid="2" />
              <SequencePoints>
                <SequencePoint vc="1" uspid="28" ordinal="0" offset="0" sl="22" sc="9" el="22" ec="10" bec="0" bev="0" fileid="2">
                  <TrackedMethodRefs>
                    <TrackedMethodRef uid="5" vc="1" />
                  </TrackedMethodRefs>
                </SequencePoint>
                <SequencePoint vc="1" uspid="29" ordinal="1" offset="1" sl="23" sc="13" el="23" ec="57" bec="0" bev="0" fileid="2">
                  <TrackedMethodRefs>
                    <TrackedMethodRef uid="5" vc="1" />
                  </TrackedMethodRefs>
                </SequencePoint>
                <SequencePoint vc="0" uspid="30" ordinal="2" offset="24" sl="24" sc="13" el="24" ec="44" bec="0" bev="0" fileid="2" />
                <SequencePoint vc="0" uspid="31" ordinal="3" offset="37" sl="25" sc="13" el="25" ec="58" bec="0" bev="0" fileid="2" />
                <SequencePoint vc="0" uspid="32" ordinal="4" offset="60" sl="26" sc="9" el="26" ec="10" bec="0" bev="0" fileid="2" />
              </SequencePoints>
              <BranchPoints />
              <MethodPoint xsi:type="SequencePoint" vc="1" uspid="28" ordinal="0" offset="0" sl="22" sc="9" el="22" ec="10" bec="0" bev="0" fileid="2">
                <TrackedMethodRefs>
                  <TrackedMethodRef uid="5" vc="1" />
                </TrackedMethodRefs>
              </MethodPoint>
            </Method>
            <Method visited="true" cyclomaticComplexity="1" nPathComplexity="0" sequenceCoverage="100" branchCoverage="100" crapScore="1" isConstructor="false" isStatic="false" isGetter="false" isSetter="false">
              <Summary numSequencePoints="4" visitedSequencePoints="4" numBranchPoints="1" visitedBranchPoints="1" sequenceCoverage="100" branchCoverage="100" maxCyclomaticComplexity="1" minCyclomaticComplexity="1" maxCrapScore="1" minCrapScore="1" visitedClasses="0" numClasses="0" visitedMethods="1" numMethods="1" />
              <MetadataToken>100663304</MetadataToken>
              <Name>System.Void UnitTests.EmptyNullTest::TestEmptyOrNull_WithEmpty()</Name>
              <FileRef uid="2" />
              <SequencePoints>
                <SequencePoint vc="1" uspid="33" ordinal="0" offset="0" sl="30" sc="9" el="30" ec="10" bec="0" bev="0" fileid="2">
                  <TrackedMethodRefs>
                    <TrackedMethodRef uid="6" vc="1" />
                  </TrackedMethodRefs>
                </SequencePoint>
                <SequencePoint vc="1" uspid="34" ordinal="1" offset="1" sl="31" sc="13" el="31" ec="33" bec="0" bev="0" fileid="2">
                  <TrackedMethodRefs>
                    <TrackedMethodRef uid="6" vc="1" />
                  </TrackedMethodRefs>
                </SequencePoint>
                <SequencePoint vc="1" uspid="35" ordinal="2" offset="18" sl="32" sc="13" el="32" ec="57" bec="0" bev="0" fileid="2">
                  <TrackedMethodRefs>
                    <TrackedMethodRef uid="6" vc="1" />
                  </TrackedMethodRefs>
                </SequencePoint>
                <SequencePoint vc="1" uspid="36" ordinal="3" offset="41" sl="33" sc="9" el="33" ec="10" bec="0" bev="0" fileid="2">
                  <TrackedMethodRefs>
                    <TrackedMethodRef uid="6" vc="1" />
                  </TrackedMethodRefs>
                </SequencePoint>
              </SequencePoints>
              <BranchPoints />
              <MethodPoint xsi:type="SequencePoint" vc="1" uspid="33" ordinal="0" offset="0" sl="30" sc="9" el="30" ec="10" bec="0" bev="0" fileid="2">
                <TrackedMethodRefs>
                  <TrackedMethodRef uid="6" vc="1" />
                </TrackedMethodRefs>
              </MethodPoint>
            </Method>
            <Method visited="true" cyclomaticComplexity="1" nPathComplexity="0" sequenceCoverage="100" branchCoverage="100" crapScore="1" isConstructor="false" isStatic="false" isGetter="false" isSetter="false">
              <Summary numSequencePoints="4" visitedSequencePoints="4" numBranchPoints="1" visitedBranchPoints="1" sequenceCoverage="100" branchCoverage="100" maxCyclomaticComplexity="1" minCyclomaticComplexity="1" maxCrapScore="1" minCrapScore="1" visitedClasses="0" numClasses="0" visitedMethods="1" numMethods="1" />
              <MetadataToken>100663305</MetadataToken>
              <Name>System.Void UnitTests.EmptyNullTest::TestEmptyOrNull_WithFilled()</Name>
              <FileRef uid="2" />
              <SequencePoints>
                <SequencePoint vc="1" uspid="37" ordinal="0" offset="0" sl="37" sc="9" el="37" ec="10" bec="0" bev="0" fileid="2">
                  <TrackedMethodRefs>
                    <TrackedMethodRef uid="7" vc="1" />
                  </TrackedMethodRefs>
                </SequencePoint>
                <SequencePoint vc="1" uspid="38" ordinal="1" offset="1" sl="38" sc="13" el="38" ec="41" bec="0" bev="0" fileid="2">
                  <TrackedMethodRefs>
                    <TrackedMethodRef uid="7" vc="1" />
                  </TrackedMethodRefs>
                </SequencePoint>
                <SequencePoint vc="1" uspid="39" ordinal="2" offset="18" sl="39" sc="13" el="39" ec="58" bec="0" bev="0" fileid="2">
                  <TrackedMethodRefs>
                    <TrackedMethodRef uid="7" vc="1" />
                  </TrackedMethodRefs>
                </SequencePoint>
                <SequencePoint vc="1" uspid="40" ordinal="3" offset="41" sl="40" sc="9" el="40" ec="10" bec="0" bev="0" fileid="2">
                  <TrackedMethodRefs>
                    <TrackedMethodRef uid="7" vc="1" />
                  </TrackedMethodRefs>
                </SequencePoint>
              </SequencePoints>
              <BranchPoints />
              <MethodPoint xsi:type="SequencePoint" vc="1" uspid="37" ordinal="0" offset="0" sl="37" sc="9" el="37" ec="10" bec="0" bev="0" fileid="2">
                <TrackedMethodRefs>
                  <TrackedMethodRef uid="7" vc="1" />
                </TrackedMethodRefs>
              </MethodPoint>
            </Method>
          </Methods>
        </Class>
        <Class>
          <Summary numSequencePoints="9" visitedSequencePoints="9" numBranchPoints="3" visitedBranchPoints="3" sequenceCoverage="100" branchCoverage="100" maxCyclomaticComplexity="1" minCyclomaticComplexity="1" maxCrapScore="1" minCrapScore="1" visitedClasses="1" numClasses="1" visitedMethods="3" numMethods="3" />
          <FullName>UnitTests.GetTeacherDataTest</FullName>
          <Methods>
            <Method visited="true" cyclomaticComplexity="1" nPathComplexity="0" sequenceCoverage="100" branchCoverage="100" crapScore="1" isConstructor="true" isStatic="false" isGetter="false" isSetter="false">
              <Summary numSequencePoints="3" visitedSequencePoints="3" numBranchPoints="1" visitedBranchPoints="1" sequenceCoverage="100" branchCoverage="100" maxCyclomaticComplexity="1" minCyclomaticComplexity="1" maxCrapScore="1" minCrapScore="1" visitedClasses="0" numClasses="0" visitedMethods="1" numMethods="1" />
              <MetadataToken>100663306</MetadataToken>
              <Name>System.Void UnitTests.GetTeacherDataTest::.ctor()</Name>
              <FileRef uid="3" />
              <SequencePoints>
                <SequencePoint vc="1" uspid="41" ordinal="0" offset="0" sl="12" sc="9" el="12" ec="36" bec="0" bev="0" fileid="3">
                  <TrackedMethodRefs>
                    <TrackedMethodRef uid="5" vc="1" />
                  </TrackedMethodRefs>
                </SequencePoint>
                <SequencePoint vc="1" uspid="42" ordinal="1" offset="7" sl="13" sc="9" el="13" ec="10" bec="0" bev="0" fileid="3">
                  <TrackedMethodRefs>
                    <TrackedMethodRef uid="5" vc="1" />
                  </TrackedMethodRefs>
                </SequencePoint>
                <SequencePoint vc="1" uspid="43" ordinal="2" offset="8" sl="15" sc="9" el="15" ec="10" bec="0" bev="0" fileid="3">
                  <TrackedMethodRefs>
                    <TrackedMethodRef uid="5" vc="1" />
                  </TrackedMethodRefs>
                </SequencePoint>
              </SequencePoints>
              <BranchPoints />
              <MethodPoint xsi:type="SequencePoint" vc="1" uspid="41" ordinal="0" offset="0" sl="12" sc="9" el="12" ec="36" bec="0" bev="0" fileid="3">
                <TrackedMethodRefs>
                  <TrackedMethodRef uid="5" vc="1" />
                </TrackedMethodRefs>
              </MethodPoint>
            </Method>
            <Method visited="true" cyclomaticComplexity="1" nPathComplexity="0" sequenceCoverage="100" branchCoverage="100" crapScore="1" isConstructor="false" isStatic="false" isGetter="false" isSetter="false">
              <Summary numSequencePoints="3" visitedSequencePoints="3" numBranchPoints="1" visitedBranchPoints="1" sequenceCoverage="100" branchCoverage="100" maxCyclomaticComplexity="1" minCyclomaticComplexity="1" maxCrapScore="1" minCrapScore="1" visitedClasses="0" numClasses="0" visitedMethods="1" numMethods="1" />
              <MetadataToken>100663307</MetadataToken>
              <Name>System.Void UnitTests.GetTeacherDataTest::GetTeacherData_ExceptionsTest()</Name>
              <FileRef uid="3" />
              <SequencePoints>
                <SequencePoint vc="1" uspid="44" ordinal="0" offset="0" sl="19" sc="9" el="19" ec="10" bec="0" bev="0" fileid="3">
                  <TrackedMethodRefs>
                    <TrackedMethodRef uid="8" vc="1" />
                  </TrackedMethodRefs>
                </SequencePoint>
                <SequencePoint vc="1" uspid="45" ordinal="1" offset="1" sl="21" sc="13" el="21" ec="80" bec="0" bev="0" fileid="3">
                  <TrackedMethodRefs>
                    <TrackedMethodRef uid="8" vc="1" />
                  </TrackedMethodRefs>
                </SequencePoint>
                <SequencePoint vc="1" uspid="46" ordinal="2" offset="19" sl="22" sc="9" el="22" ec="10" bec="0" bev="0" fileid="3">
                  <TrackedMethodRefs>
                    <TrackedMethodRef uid="8" vc="1" />
                  </TrackedMethodRefs>
                </SequencePoint>
              </SequencePoints>
              <BranchPoints />
              <MethodPoint xsi:type="SequencePoint" vc="1" uspid="44" ordinal="0" offset="0" sl="19" sc="9" el="19" ec="10" bec="0" bev="0" fileid="3">
                <TrackedMethodRefs>
                  <TrackedMethodRef uid="8" vc="1" />
                </TrackedMethodRefs>
              </MethodPoint>
            </Method>
            <Method visited="true" cyclomaticComplexity="1" nPathComplexity="0" sequenceCoverage="100" branchCoverage="100" crapScore="1" isConstructor="false" isStatic="false" isGetter="false" isSetter="false">
              <Summary numSequencePoints="3" visitedSequencePoints="3" numBranchPoints="1" visitedBranchPoints="1" sequenceCoverage="100" branchCoverage="100" maxCyclomaticComplexity="1" minCyclomaticComplexity="1" maxCrapScore="1" minCrapScore="1" visitedClasses="0" numClasses="0" visitedMethods="1" numMethods="1" />
              <MetadataToken>100663308</MetadataToken>
              <Name>System.Void UnitTests.GetTeacherDataTest::&lt;GetTeacherData_ExceptionsTest&gt;b__2_0()</Name>
              <FileRef uid="3" />
              <SequencePoints>
                <SequencePoint vc="1" uspid="47" ordinal="0" offset="0" sl="21" sc="39" el="21" ec="40" bec="0" bev="0" fileid="3">
                  <TrackedMethodRefs>
                    <TrackedMethodRef uid="8" vc="1" />
                  </TrackedMethodRefs>
                </SequencePoint>
                <SequencePoint vc="1" uspid="48" ordinal="1" offset="1" sl="21" sc="41" el="21" ec="76" bec="0" bev="0" fileid="3">
                  <TrackedMethodRefs>
                    <TrackedMethodRef uid="8" vc="1" />
                  </TrackedMethodRefs>
                </SequencePoint>
                <SequencePoint vc="1" uspid="49" ordinal="2" offset="12" sl="21" sc="77" el="21" ec="78" bec="0" bev="0" fileid="3">
                  <TrackedMethodRefs>
                    <TrackedMethodRef uid="8" vc="1" />
                  </TrackedMethodRefs>
                </SequencePoint>
              </SequencePoints>
              <BranchPoints />
              <MethodPoint xsi:type="SequencePoint" vc="1" uspid="47" ordinal="0" offset="0" sl="21" sc="39" el="21" ec="40" bec="0" bev="0" fileid="3">
                <TrackedMethodRefs>
                  <TrackedMethodRef uid="8" vc="1" />
                </TrackedMethodRefs>
              </MethodPoint>
            </Method>
          </Methods>
        </Class>
        <Class>
          <Summary numSequencePoints="17" visitedSequencePoints="17" numBranchPoints="4" visitedBranchPoints="4" sequenceCoverage="100" branchCoverage="100" maxCyclomaticComplexity="1" minCyclomaticComplexity="1" maxCrapScore="1" minCrapScore="1" visitedClasses="1" numClasses="1" visitedMethods="4" numMethods="4" />
          <FullName>UnitTests.PhoneValidTest</FullName>
          <Methods>
            <Method visited="true" cyclomaticComplexity="1" nPathComplexity="0" sequenceCoverage="100" branchCoverage="100" crapScore="1" isConstructor="true" isStatic="false" isGetter="false" isSetter="false">
              <Summary numSequencePoints="5" visitedSequencePoints="5" numBranchPoints="1" visitedBranchPoints="1" sequenceCoverage="100" branchCoverage="100" maxCyclomaticComplexity="1" minCyclomaticComplexity="1" maxCrapScore="1" minCrapScore="1" visitedClasses="0" numClasses="0" visitedMethods="1" numMethods="1" />
              <MetadataToken>100663309</MetadataToken>
              <Name>System.Void UnitTests.PhoneValidTest::.ctor()</Name>
              <FileRef uid="4" />
              <SequencePoints>
                <SequencePoint vc="1" uspid="50" ordinal="0" offset="0" sl="13" sc="9" el="13" ec="32" bec="0" bev="0" fileid="4" />
                <SequencePoint vc="1" uspid="51" ordinal="1" offset="7" sl="14" sc="9" el="14" ec="10" bec="0" bev="0" fileid="4" />
                <SequencePoint vc="1" uspid="52" ordinal="2" offset="8" sl="15" sc="13" el="15" ec="59" bec="0" bev="0" fileid="4" />
                <SequencePoint vc="1" uspid="53" ordinal="3" offset="19" sl="16" sc="13" el="16" ec="37" bec="0" bev="0" fileid="4" />
                <SequencePoint vc="1" uspid="54" ordinal="4" offset="30" sl="17" sc="9" el="17" ec="10" bec="0" bev="0" fileid="4" />
              </SequencePoints>
              <BranchPoints />
              <MethodPoint xsi:type="SequencePoint" vc="1" uspid="50" ordinal="0" offset="0" sl="13" sc="9" el="13" ec="32" bec="0" bev="0" fileid="4" />
            </Method>
            <Method visited="true" cyclomaticComplexity="1" nPathComplexity="0" sequenceCoverage="100" branchCoverage="100" crapScore="1" isConstructor="false" isStatic="false" isGetter="false" isSetter="false">
              <Summary numSequencePoints="4" visitedSequencePoints="4" numBranchPoints="1" visitedBranchPoints="1" sequenceCoverage="100" branchCoverage="100" maxCyclomaticComplexity="1" minCyclomaticComplexity="1" maxCrapScore="1" minCrapScore="1" visitedClasses="0" numClasses="0" visitedMethods="1" numMethods="1" />
              <MetadataToken>100663310</MetadataToken>
              <Name>System.Void UnitTests.PhoneValidTest::TestPhone_WithLessDigits()</Name>
              <FileRef uid="4" />
              <SequencePoints>
                <SequencePoint vc="1" uspid="55" ordinal="0" offset="0" sl="21" sc="9" el="21" ec="10" bec="0" bev="0" fileid="4">
                  <TrackedMethodRefs>
                    <TrackedMethodRef uid="9" vc="1" />
                  </TrackedMethodRefs>
                </SequencePoint>
                <SequencePoint vc="1" uspid="56" ordinal="1" offset="1" sl="22" sc="13" el="22" ec="42" bec="0" bev="0" fileid="4">
                  <TrackedMethodRefs>
                    <TrackedMethodRef uid="9" vc="1" />
                  </TrackedMethodRefs>
                </SequencePoint>
                <SequencePoint vc="1" uspid="57" ordinal="2" offset="18" sl="23" sc="13" el="23" ec="57" bec="0" bev="0" fileid="4">
                  <TrackedMethodRefs>
                    <TrackedMethodRef uid="9" vc="1" />
                  </TrackedMethodRefs>
                </SequencePoint>
                <SequencePoint vc="1" uspid="58" ordinal="3" offset="41" sl="24" sc="9" el="24" ec="10" bec="0" bev="0" fileid="4">
                  <TrackedMethodRefs>
                    <TrackedMethodRef uid="9" vc="1" />
                  </TrackedMethodRefs>
                </SequencePoint>
              </SequencePoints>
              <BranchPoints />
              <MethodPoint xsi:type="SequencePoint" vc="1" uspid="55" ordinal="0" offset="0" sl="21" sc="9" el="21" ec="10" bec="0" bev="0" fileid="4">
                <TrackedMethodRefs>
                  <TrackedMethodRef uid="9" vc="1" />
                </TrackedMethodRefs>
              </MethodPoint>
            </Method>
            <Method visited="true" cyclomaticComplexity="1" nPathComplexity="0" sequenceCoverage="100" branchCoverage="100" crapScore="1" isConstructor="false" isStatic="false" isGetter="false" isSetter="false">
              <Summary numSequencePoints="4" visitedSequencePoints="4" numBranchPoints="1" visitedBranchPoints="1" sequenceCoverage="100" branchCoverage="100" maxCyclomaticComplexity="1" minCyclomaticComplexity="1" maxCrapScore="1" minCrapScore="1" visitedClasses="0" numClasses="0" visitedMethods="1" numMethods="1" />
              <MetadataToken>100663311</MetadataToken>
              <Name>System.Void UnitTests.PhoneValidTest::TestPhone_WithAlpha()</Name>
              <FileRef uid="4" />
              <SequencePoints>
                <SequencePoint vc="1" uspid="59" ordinal="0" offset="0" sl="28" sc="9" el="28" ec="10" bec="0" bev="0" fileid="4">
                  <TrackedMethodRefs>
                    <TrackedMethodRef uid="10" vc="1" />
                  </TrackedMethodRefs>
                </SequencePoint>
                <SequencePoint vc="1" uspid="60" ordinal="1" offset="1" sl="29" sc="13" el="29" ec="43" bec="0" bev="0" fileid="4">
                  <TrackedMethodRefs>
                    <TrackedMethodRef uid="10" vc="1" />
                  </TrackedMethodRefs>
                </SequencePoint>
                <SequencePoint vc="1" uspid="61" ordinal="2" offset="18" sl="30" sc="13" el="30" ec="57" bec="0" bev="0" fileid="4">
                  <TrackedMethodRefs>
                    <TrackedMethodRef uid="10" vc="1" />
                  </TrackedMethodRefs>
                </SequencePoint>
                <SequencePoint vc="1" uspid="62" ordinal="3" offset="41" sl="31" sc="9" el="31" ec="10" bec="0" bev="0" fileid="4">
                  <TrackedMethodRefs>
                    <TrackedMethodRef uid="10" vc="1" />
                  </TrackedMethodRefs>
                </SequencePoint>
              </SequencePoints>
              <BranchPoints />
              <MethodPoint xsi:type="SequencePoint" vc="1" uspid="59" ordinal="0" offset="0" sl="28" sc="9" el="28" ec="10" bec="0" bev="0" fileid="4">
                <TrackedMethodRefs>
                  <TrackedMethodRef uid="10" vc="1" />
                </TrackedMethodRefs>
              </MethodPoint>
            </Method>
            <Method visited="true" cyclomaticComplexity="1" nPathComplexity="0" sequenceCoverage="100" branchCoverage="100" crapScore="1" isConstructor="false" isStatic="false" isGetter="false" isSetter="false">
              <Summary numSequencePoints="4" visitedSequencePoints="4" numBranchPoints="1" visitedBranchPoints="1" sequenceCoverage="100" branchCoverage="100" maxCyclomaticComplexity="1" minCyclomaticComplexity="1" maxCrapScore="1" minCrapScore="1" visitedClasses="0" numClasses="0" visitedMethods="1" numMethods="1" />
              <MetadataToken>100663312</MetadataToken>
              <Name>System.Void UnitTests.PhoneValidTest::TestPhone_WithValid()</Name>
              <FileRef uid="4" />
              <SequencePoints>
                <SequencePoint vc="1" uspid="63" ordinal="0" offset="0" sl="35" sc="9" el="35" ec="10" bec="0" bev="0" fileid="4">
                  <TrackedMethodRefs>
                    <TrackedMethodRef uid="11" vc="1" />
                  </TrackedMethodRefs>
                </SequencePoint>
                <SequencePoint vc="1" uspid="64" ordinal="1" offset="1" sl="36" sc="13" el="36" ec="43" bec="0" bev="0" fileid="4">
                  <TrackedMethodRefs>
                    <TrackedMethodRef uid="11" vc="1" />
                  </TrackedMethodRefs>
                </SequencePoint>
                <SequencePoint vc="1" uspid="65" ordinal="2" offset="18" sl="37" sc="13" el="37" ec="56" bec="0" bev="0" fileid="4">
                  <TrackedMethodRefs>
                    <TrackedMethodRef uid="11" vc="1" />
                  </TrackedMethodRefs>
                </SequencePoint>
                <SequencePoint vc="1" uspid="66" ordinal="3" offset="41" sl="38" sc="9" el="38" ec="10" bec="0" bev="0" fileid="4">
                  <TrackedMethodRefs>
                    <TrackedMethodRef uid="11" vc="1" />
                  </TrackedMethodRefs>
                </SequencePoint>
              </SequencePoints>
              <BranchPoints />
              <MethodPoint xsi:type="SequencePoint" vc="1" uspid="63" ordinal="0" offset="0" sl="35" sc="9" el="35" ec="10" bec="0" bev="0" fileid="4">
                <TrackedMethodRefs>
                  <TrackedMethodRef uid="11" vc="1" />
                </TrackedMethodRefs>
              </MethodPoint>
            </Method>
          </Methods>
        </Class>
        <Class>
          <Summary numSequencePoints="17" visitedSequencePoints="17" numBranchPoints="4" visitedBranchPoints="4" sequenceCoverage="100" branchCoverage="100" maxCyclomaticComplexity="1" minCyclomaticComplexity="1" maxCrapScore="1" minCrapScore="1" visitedClasses="1" numClasses="1" visitedMethods="4" numMethods="4" />
          <FullName>UnitTests.ZipValidTest</FullName>
          <Methods>
            <Method visited="true" cyclomaticComplexity="1" nPathComplexity="0" sequenceCoverage="100" branchCoverage="100" crapScore="1" isConstructor="true" isStatic="false" isGetter="false" isSetter="false">
              <Summary numSequencePoints="5" visitedSequencePoints="5" numBranchPoints="1" visitedBranchPoints="1" sequenceCoverage="100" branchCoverage="100" maxCyclomaticComplexity="1" minCyclomaticComplexity="1" maxCrapScore="1" minCrapScore="1" visitedClasses="0" numClasses="0" visitedMethods="1" numMethods="1" />
              <MetadataToken>100663313</MetadataToken>
              <Name>System.Void UnitTests.ZipValidTest::.ctor()</Name>
              <FileRef uid="5" />
              <SequencePoints>
                <SequencePoint vc="1" uspid="67" ordinal="0" offset="0" sl="13" sc="9" el="13" ec="30" bec="0" bev="0" fileid="5" />
                <SequencePoint vc="1" uspid="68" ordinal="1" offset="7" sl="14" sc="9" el="14" ec="10" bec="0" bev="0" fileid="5" />
                <SequencePoint vc="1" uspid="69" ordinal="2" offset="8" sl="15" sc="13" el="15" ec="59" bec="0" bev="0" fileid="5" />
                <SequencePoint vc="1" uspid="70" ordinal="3" offset="19" sl="16" sc="13" el="16" ec="37" bec="0" bev="0" fileid="5" />
                <SequencePoint vc="1" uspid="71" ordinal="4" offset="30" sl="17" sc="9" el="17" ec="10" bec="0" bev="0" fileid="5" />
              </SequencePoints>
              <BranchPoints />
              <MethodPoint xsi:type="SequencePoint" vc="1" uspid="67" ordinal="0" offset="0" sl="13" sc="9" el="13" ec="30" bec="0" bev="0" fileid="5" />
            </Method>
            <Method visited="true" cyclomaticComplexity="1" nPathComplexity="0" sequenceCoverage="100" branchCoverage="100" crapScore="1" isConstructor="false" isStatic="false" isGetter="false" isSetter="false">
              <Summary numSequencePoints="4" visitedSequencePoints="4" numBranchPoints="1" visitedBranchPoints="1" sequenceCoverage="100" branchCoverage="100" maxCyclomaticComplexity="1" minCyclomaticComplexity="1" maxCrapScore="1" minCrapScore="1" visitedClasses="0" numClasses="0" visitedMethods="1" numMethods="1" />
              <MetadataToken>100663314</MetadataToken>
              <Name>System.Void UnitTests.ZipValidTest::TestZip_WithLessDigits()</Name>
              <FileRef uid="5" />
              <SequencePoints>
                <SequencePoint vc="1" uspid="72" ordinal="0" offset="0" sl="22" sc="9" el="22" ec="10" bec="0" bev="0" fileid="5">
                  <TrackedMethodRefs>
                    <TrackedMethodRef uid="12" vc="1" />
                  </TrackedMethodRefs>
                </SequencePoint>
                <SequencePoint vc="1" uspid="73" ordinal="1" offset="1" sl="23" sc="13" el="23" ec="37" bec="0" bev="0" fileid="5">
                  <TrackedMethodRefs>
                    <TrackedMethodRef uid="12" vc="1" />
                  </TrackedMethodRefs>
                </SequencePoint>
                <SequencePoint vc="1" uspid="74" ordinal="2" offset="18" sl="24" sc="13" el="24" ec="55" bec="0" bev="0" fileid="5">
                  <TrackedMethodRefs>
                    <TrackedMethodRef uid="12" vc="1" />
                  </TrackedMethodRefs>
                </SequencePoint>
                <SequencePoint vc="1" uspid="75" ordinal="3" offset="41" sl="25" sc="9" el="25" ec="10" bec="0" bev="0" fileid="5">
                  <TrackedMethodRefs>
                    <TrackedMethodRef uid="12" vc="1" />
                  </TrackedMethodRefs>
                </SequencePoint>
              </SequencePoints>
              <BranchPoints />
              <MethodPoint xsi:type="SequencePoint" vc="1" uspid="72" ordinal="0" offset="0" sl="22" sc="9" el="22" ec="10" bec="0" bev="0" fileid="5">
                <TrackedMethodRefs>
                  <TrackedMethodRef uid="12" vc="1" />
                </TrackedMethodRefs>
              </MethodPoint>
            </Method>
            <Method visited="true" cyclomaticComplexity="1" nPathComplexity="0" sequenceCoverage="100" branchCoverage="100" crapScore="1" isConstructor="false" isStatic="false" isGetter="false" isSetter="false">
              <Summary numSequencePoints="4" visitedSequencePoints="4" numBranchPoints="1" visitedBranchPoints="1" sequenceCoverage="100" branchCoverage="100" maxCyclomaticComplexity="1" minCyclomaticComplexity="1" maxCrapScore="1" minCrapScore="1" visitedClasses="0" numClasses="0" visitedMethods="1" numMethods="1" />
              <MetadataToken>100663315</MetadataToken>
              <Name>System.Void UnitTests.ZipValidTest::TestZip_WithAlpha()</Name>
              <FileRef uid="5" />
              <SequencePoints>
                <SequencePoint vc="1" uspid="76" ordinal="0" offset="0" sl="29" sc="9" el="29" ec="10" bec="0" bev="0" fileid="5">
                  <TrackedMethodRefs>
                    <TrackedMethodRef uid="13" vc="1" />
                  </TrackedMethodRefs>
                </SequencePoint>
                <SequencePoint vc="1" uspid="77" ordinal="1" offset="1" sl="30" sc="13" el="30" ec="38" bec="0" bev="0" fileid="5">
                  <TrackedMethodRefs>
                    <TrackedMethodRef uid="13" vc="1" />
                  </TrackedMethodRefs>
                </SequencePoint>
                <SequencePoint vc="1" uspid="78" ordinal="2" offset="18" sl="31" sc="13" el="31" ec="55" bec="0" bev="0" fileid="5">
                  <TrackedMethodRefs>
                    <TrackedMethodRef uid="13" vc="1" />
                  </TrackedMethodRefs>
                </SequencePoint>
                <SequencePoint vc="1" uspid="79" ordinal="3" offset="41" sl="32" sc="9" el="32" ec="10" bec="0" bev="0" fileid="5">
                  <TrackedMethodRefs>
                    <TrackedMethodRef uid="13" vc="1" />
                  </TrackedMethodRefs>
                </SequencePoint>
              </SequencePoints>
              <BranchPoints />
              <MethodPoint xsi:type="SequencePoint" vc="1" uspid="76" ordinal="0" offset="0" sl="29" sc="9" el="29" ec="10" bec="0" bev="0" fileid="5">
                <TrackedMethodRefs>
                  <TrackedMethodRef uid="13" vc="1" />
                </TrackedMethodRefs>
              </MethodPoint>
            </Method>
            <Method visited="true" cyclomaticComplexity="1" nPathComplexity="0" sequenceCoverage="100" branchCoverage="100" crapScore="1" isConstructor="false" isStatic="false" isGetter="false" isSetter="false">
              <Summary numSequencePoints="4" visitedSequencePoints="4" numBranchPoints="1" visitedBranchPoints="1" sequenceCoverage="100" branchCoverage="100" maxCyclomaticComplexity="1" minCyclomaticComplexity="1" maxCrapScore="1" minCrapScore="1" visitedClasses="0" numClasses="0" visitedMethods="1" numMethods="1" />
              <MetadataToken>100663316</MetadataToken>
              <Name>System.Void UnitTests.ZipValidTest::TestZip_WithValid()</Name>
              <FileRef uid="5" />
              <SequencePoints>
                <SequencePoint vc="1" uspid="80" ordinal="0" offset="0" sl="36" sc="9" el="36" ec="10" bec="0" bev="0" fileid="5">
                  <TrackedMethodRefs>
                    <TrackedMethodRef uid="14" vc="1" />
                  </TrackedMethodRefs>
                </SequencePoint>
                <SequencePoint vc="1" uspid="81" ordinal="1" offset="1" sl="37" sc="13" el="37" ec="38" bec="0" bev="0" fileid="5">
                  <TrackedMethodRefs>
                    <TrackedMethodRef uid="14" vc="1" />
                  </TrackedMethodRefs>
                </SequencePoint>
                <SequencePoint vc="1" uspid="82" ordinal="2" offset="18" sl="38" sc="13" el="38" ec="54" bec="0" bev="0" fileid="5">
                  <TrackedMethodRefs>
                    <TrackedMethodRef uid="14" vc="1" />
                  </TrackedMethodRefs>
                </SequencePoint>
                <SequencePoint vc="1" uspid="83" ordinal="3" offset="41" sl="39" sc="9" el="39" ec="10" bec="0" bev="0" fileid="5">
                  <TrackedMethodRefs>
                    <TrackedMethodRef uid="14" vc="1" />
                  </TrackedMethodRefs>
                </SequencePoint>
              </SequencePoints>
              <BranchPoints />
              <MethodPoint xsi:type="SequencePoint" vc="1" uspid="80" ordinal="0" offset="0" sl="36" sc="9" el="36" ec="10" bec="0" bev="0" fileid="5">
                <TrackedMethodRefs>
                  <TrackedMethodRef uid="14" vc="1" />
                </TrackedMethodRefs>
              </MethodPoint>
            </Method>
          </Methods>
        </Class>
      </Classes>
      <TrackedMethods>
        <TrackedMethod uid="1" token="100663298" name="System.Void UnitTests.EmailValidTest::TestEmail_WithWrongStart()" strategy="NUnitTest" />
        <TrackedMethod uid="2" token="100663299" name="System.Void UnitTests.EmailValidTest::TestEmail_WithWrongEnding()" strategy="NUnitTest" />
        <TrackedMethod uid="3" token="100663300" name="System.Void UnitTests.EmailValidTest::TestEmail_WithNoAt()" strategy="NUnitTest" />
        <TrackedMethod uid="4" token="100663301" name="System.Void UnitTests.EmailValidTest::TestEmail_WithValid()" strategy="NUnitTest" />
        <TrackedMethod uid="5" token="100663303" name="System.Void UnitTests.EmptyNullTest::TestEmptyOrNull_WithNull()" strategy="NUnitTest" />
        <TrackedMethod uid="6" token="100663304" name="System.Void UnitTests.EmptyNullTest::TestEmptyOrNull_WithEmpty()" strategy="NUnitTest" />
        <TrackedMethod uid="7" token="100663305" name="System.Void UnitTests.EmptyNullTest::TestEmptyOrNull_WithFilled()" strategy="NUnitTest" />
        <TrackedMethod uid="8" token="100663307" name="System.Void UnitTests.GetTeacherDataTest::GetTeacherData_ExceptionsTest()" strategy="NUnitTest" />
        <TrackedMethod uid="9" token="100663310" name="System.Void UnitTests.PhoneValidTest::TestPhone_WithLessDigits()" strategy="NUnitTest" />
        <TrackedMethod uid="10" token="100663311" name="System.Void UnitTests.PhoneValidTest::TestPhone_WithAlpha()" strategy="NUnitTest" />
        <TrackedMethod uid="11" token="100663312" name="System.Void UnitTests.PhoneValidTest::TestPhone_WithValid()" strategy="NUnitTest" />
        <TrackedMethod uid="12" token="100663314" name="System.Void UnitTests.ZipValidTest::TestZip_WithLessDigits()" strategy="NUnitTest" />
        <TrackedMethod uid="13" token="100663315" name="System.Void UnitTests.ZipValidTest::TestZip_WithAlpha()" strategy="NUnitTest" />
        <TrackedMethod uid="14" token="100663316" name="System.Void UnitTests.ZipValidTest::TestZip_WithValid()" strategy="NUnitTest" />
      </TrackedMethods>
    </Module>
    <Module hash="69-86-A0-17-B1-9D-52-E4-E0-0D-94-2D-14-26-55-AA-3A-2E-1E-47">
      <Summary numSequencePoints="882" visitedSequencePoints="106" numBranchPoints="338" visitedBranchPoints="25" sequenceCoverage="12.02" branchCoverage="7.40" maxCyclomaticComplexity="11" minCyclomaticComplexity="1" maxCrapScore="132" minCrapScore="1" visitedClasses="3" numClasses="32" visitedMethods="8" numMethods="140" />
      <ModulePath>C:\Users\shelb\VisualStudio2017_Projects\Prototype\Prototype.Tests\bin\Debug\Prototype.dll</ModulePath>
      <ModuleTime>2018-03-14T18:57:53.4596011Z</ModuleTime>
      <ModuleName>Prototype</ModuleName>
      <Files>
        <File uid="11" fullPath="C:\Users\shelb\VisualStudio2017_Projects\Prototype\Prototype\Prototype\App.xaml.cs" />
        <File uid="12" fullPath="C:\Users\shelb\VisualStudio2017_Projects\Prototype\Prototype\Prototype\obj\Debug\Prototype.App.xaml.g.cs" />
        <File uid="13" fullPath="C:\Users\shelb\VisualStudio2017_Projects\Prototype\Prototype\Prototype\Apply\ApplyPage.xaml.cs" />
        <File uid="14" fullPath="C:\Users\shelb\VisualStudio2017_Projects\Prototype\Prototype\Prototype\obj\Debug\Prototype.Apply.ApplyPage.xaml.g.cs" />
        <File uid="15" fullPath="C:\Users\shelb\VisualStudio2017_Projects\Prototype\Prototype\Prototype\AppNavigation\ToolBar.xaml.cs" />
        <File uid="16" fullPath="C:\Users\shelb\VisualStudio2017_Projects\Prototype\Prototype\Prototype\obj\Debug\Prototype.AppNavigation.ToolBar.xaml.g.cs" />
        <File uid="17" fullPath="C:\Users\shelb\VisualStudio2017_Projects\Prototype\Prototype\Prototype\Calendar\CalendarPage.xaml.cs" />
        <File uid="18" fullPath="C:\Users\shelb\VisualStudio2017_Projects\Prototype\Prototype\Prototype\obj\Debug\Prototype.Calendar.CalendarPage.xaml.g.cs" />
        <File uid="19" fullPath="C:\Users\shelb\VisualStudio2017_Projects\Prototype\Prototype\Prototype\AppNavigation\Menu.xaml.cs" />
        <File uid="20" fullPath="C:\Users\shelb\VisualStudio2017_Projects\Prototype\Prototype\Prototype\obj\Debug\Prototype.AppNavigation.Menu.xaml.g.cs" />
        <File uid="21" fullPath="C:\Users\shelb\VisualStudio2017_Projects\Prototype\Prototype\Prototype\Teachers\TeacherInfo.cs" />
        <File uid="23" fullPath="C:\Users\shelb\VisualStudio2017_Projects\Prototype\Prototype\Prototype\WebViews\AttendanceWebView.xaml.cs" />
        <File uid="24" fullPath="C:\Users\shelb\VisualStudio2017_Projects\Prototype\Prototype\Prototype\obj\Debug\Prototype.WebViews.AttendanceWebView.xaml.g.cs" />
        <File uid="25" fullPath="C:\Users\shelb\VisualStudio2017_Projects\Prototype\Prototype\Prototype\WebViews\HybridWebView.cs" />
        <File uid="26" fullPath="C:\Users\shelb\VisualStudio2017_Projects\Prototype\Prototype\Prototype\WebViews\ParentPortalWebView.xaml.cs" />
        <File uid="27" fullPath="C:\Users\shelb\VisualStudio2017_Projects\Prototype\Prototype\Prototype\obj\Debug\Prototype.WebViews.ParentPortalWebView.xaml.g.cs" />
        <File uid="28" fullPath="C:\Users\shelb\VisualStudio2017_Projects\Prototype\Prototype\Prototype\Teachers\ElementaryPage.xaml.cs" />
        <File uid="29" fullPath="C:\Users\shelb\VisualStudio2017_Projects\Prototype\Prototype\Prototype\obj\Debug\Prototype.Teachers.ElementaryPage.xaml.g.cs" />
        <File uid="30" fullPath="C:\Users\shelb\VisualStudio2017_Projects\Prototype\Prototype\Prototype\Home\HomePage.xaml.cs" />
        <File uid="31" fullPath="C:\Users\shelb\VisualStudio2017_Projects\Prototype\Prototype\Prototype\obj\Debug\Prototype.Home.HomePage.xaml.g.cs" />
        <File uid="35" fullPath="C:\Users\shelb\VisualStudio2017_Projects\Prototype\Prototype\Prototype\WebViews\ResourcesPage.xaml.cs" />
        <File uid="36" fullPath="C:\Users\shelb\VisualStudio2017_Projects\Prototype\Prototype\Prototype\obj\Debug\Prototype.WebViews.ResourcesPage.xaml.g.cs" />
        <File uid="37" fullPath="C:\Users\shelb\VisualStudio2017_Projects\Prototype\Prototype\Prototype\Teachers\SecondaryPage.xaml.cs" />
        <File uid="38" fullPath="C:\Users\shelb\VisualStudio2017_Projects\Prototype\Prototype\Prototype\obj\Debug\Prototype.Teachers.SecondaryPage.xaml.g.cs" />
        <File uid="39" fullPath="C:\Users\shelb\VisualStudio2017_Projects\Prototype\Prototype\Prototype\Teachers\MoreInfoPage.xaml.cs" />
        <File uid="40" fullPath="C:\Users\shelb\VisualStudio2017_Projects\Prototype\Prototype\Prototype\obj\Debug\Prototype.Teachers.MoreInfoPage.xaml.g.cs" />
        <File uid="41" fullPath="C:\Users\shelb\VisualStudio2017_Projects\Prototype\Prototype\Prototype\Apply\StudentApp.cs" />
        <File uid="46" fullPath="C:\Users\shelb\VisualStudio2017_Projects\Prototype\Prototype\Prototype\Apply\Step1.xaml.cs" />
        <File uid="47" fullPath="C:\Users\shelb\VisualStudio2017_Projects\Prototype\Prototype\Prototype\obj\Debug\Prototype.Apply.Step1.xaml.g.cs" />
        <File uid="48" fullPath="C:\Users\shelb\VisualStudio2017_Projects\Prototype\Prototype\Prototype\Apply\Step2.xaml.cs" />
        <File uid="49" fullPath="C:\Users\shelb\VisualStudio2017_Projects\Prototype\Prototype\Prototype\obj\Debug\Prototype.Apply.Step2.xaml.g.cs" />
        <File uid="50" fullPath="C:\Users\shelb\VisualStudio2017_Projects\Prototype\Prototype\Prototype\Apply\Step3.xaml.cs" />
        <File uid="51" fullPath="C:\Users\shelb\VisualStudio2017_Projects\Prototype\Prototype\Prototype\obj\Debug\Prototype.Apply.Step3.xaml.g.cs" />
        <File uid="52" fullPath="C:\Users\shelb\VisualStudio2017_Projects\Prototype\Prototype\Prototype\Apply\Step4.xaml.cs" />
        <File uid="53" fullPath="C:\Users\shelb\VisualStudio2017_Projects\Prototype\Prototype\Prototype\obj\Debug\Prototype.Apply.Step4.xaml.g.cs" />
        <File uid="54" fullPath="C:\Users\shelb\VisualStudio2017_Projects\Prototype\Prototype\Prototype\Apply\InputValidation.cs" />
        <File uid="55" fullPath="C:\Users\shelb\VisualStudio2017_Projects\Prototype\Prototype\Prototype\Properties\Resources.Designer.cs" />
        <File uid="56" fullPath="C:\Users\shelb\VisualStudio2017_Projects\Prototype\Prototype\Prototype\WebViews\GenBookElementaryWebView.xaml.cs" />
        <File uid="57" fullPath="C:\Users\shelb\VisualStudio2017_Projects\Prototype\Prototype\Prototype\obj\Debug\Prototype.WebViews.GenBookElementaryWebView.xaml.g.cs" />
        <File uid="58" fullPath="C:\Users\shelb\VisualStudio2017_Projects\Prototype\Prototype\Prototype\WebViews\GenBookSecondaryWebView.xaml.cs" />
        <File uid="59" fullPath="C:\Users\shelb\VisualStudio2017_Projects\Prototype\Prototype\Prototype\obj\Debug\Prototype.WebViews.GenBookSecondaryWebView.xaml.g.cs" />
        <File uid="60" fullPath="C:\Users\shelb\VisualStudio2017_Projects\Prototype\Prototype\Prototype\WebViews\FLVSWebView.xaml.cs" />
        <File uid="61" fullPath="C:\Users\shelb\VisualStudio2017_Projects\Prototype\Prototype\Prototype\obj\Debug\Prototype.WebViews.FLVSWebView.xaml.g.cs" />
        <File uid="62" fullPath="C:\Users\shelb\VisualStudio2017_Projects\Prototype\Prototype\Prototype\Home\FacebookFeed.xaml.cs" />
        <File uid="63" fullPath="C:\Users\shelb\VisualStudio2017_Projects\Prototype\Prototype\Prototype\obj\Debug\Prototype.Home.FacebookFeed.xaml.g.cs" />
        <File uid="65" fullPath="C:\Users\shelb\VisualStudio2017_Projects\Prototype\Prototype\Prototype\Home\TwitterFeed.xaml.cs" />
        <File uid="66" fullPath="C:\Users\shelb\VisualStudio2017_Projects\Prototype\Prototype\Prototype\obj\Debug\Prototype.Home.TwitterFeed.xaml.g.cs" />
      </Files>
      <Classes>
        <Class>
          <Summary numSequencePoints="14" visitedSequencePoints="0" numBranchPoints="5" visitedBranchPoints="0" sequenceCoverage="0" branchCoverage="0" maxCyclomaticComplexity="1" minCyclomaticComplexity="1" maxCrapScore="2" minCrapScore="2" visitedClasses="0" numClasses="1" visitedMethods="0" numMethods="5" />
          <FullName>Prototype.App</FullName>
          <Methods>
            <Method visited="false" cyclomaticComplexity="1" nPathComplexity="0" sequenceCoverage="0" branchCoverage="0" crapScore="2" isConstructor="true" isStatic="false" isGetter="false" isSetter="false">
              <Summary numSequencePoints="4" visitedSequencePoints="0" numBranchPoints="1" visitedBranchPoints="0" sequenceCoverage="0" branchCoverage="0" maxCyclomaticComplexity="1" minCyclomaticComplexity="1" maxCrapScore="2" minCrapScore="2" visitedClasses="0" numClasses="0" visitedMethods="0" numMethods="1" />
              <MetadataToken>100663297</MetadataToken>
              <Name>System.Void Prototype.App::.ctor()</Name>
              <FileRef uid="11" />
              <SequencePoints>
                <SequencePoint vc="0" uspid="84" ordinal="0" offset="0" sl="15" sc="9" el="15" ec="21" bec="0" bev="0" fileid="11" />
                <SequencePoint vc="0" uspid="85" ordinal="1" offset="7" sl="16" sc="9" el="16" ec="10" bec="0" bev="0" fileid="11" />
                <SequencePoint vc="0" uspid="86" ordinal="2" offset="8" sl="18" sc="13" el="18" ec="48" bec="0" bev="0" fileid="11" />
                <SequencePoint vc="0" uspid="87" ordinal="3" offset="20" sl="20" sc="9" el="20" ec="10" bec="0" bev="0" fileid="11" />
              </SequencePoints>
              <BranchPoints />
              <MethodPoint xsi:type="SequencePoint" vc="0" uspid="84" ordinal="0" offset="0" sl="15" sc="9" el="15" ec="21" bec="0" bev="0" fileid="11" />
            </Method>
            <Method visited="false" cyclomaticComplexity="1" nPathComplexity="0" sequenceCoverage="0" branchCoverage="0" crapScore="2" isConstructor="false" isStatic="false" isGetter="false" isSetter="false">
              <Summary numSequencePoints="3" visitedSequencePoints="0" numBranchPoints="1" visitedBranchPoints="0" sequenceCoverage="0" branchCoverage="0" maxCyclomaticComplexity="1" minCyclomaticComplexity="1" maxCrapScore="2" minCrapScore="2" visitedClasses="0" numClasses="0" visitedMethods="0" numMethods="1" />
              <MetadataToken>100663298</MetadataToken>
              <Name>System.Void Prototype.App::OnStart()</Name>
              <FileRef uid="11" />
              <SequencePoints>
                <SequencePoint vc="0" uspid="88" ordinal="0" offset="0" sl="23" sc="9" el="23" ec="10" bec="0" bev="0" fileid="11" />
                <SequencePoint vc="0" uspid="89" ordinal="1" offset="1" sl="25" sc="13" el="25" ec="158" bec="0" bev="0" fileid="11" />
                <SequencePoint vc="0" uspid="90" ordinal="2" offset="44" sl="26" sc="9" el="26" ec="10" bec="0" bev="0" fileid="11" />
              </SequencePoints>
              <BranchPoints />
              <MethodPoint xsi:type="SequencePoint" vc="0" uspid="88" ordinal="0" offset="0" sl="23" sc="9" el="23" ec="10" bec="0" bev="0" fileid="11" />
            </Method>
            <Method visited="false" cyclomaticComplexity="1" nPathComplexity="0" sequenceCoverage="0" branchCoverage="0" crapScore="2" isConstructor="false" isStatic="false" isGetter="false" isSetter="false">
              <Summary numSequencePoints="2" visitedSequencePoints="0" numBranchPoints="1" visitedBranchPoints="0" sequenceCoverage="0" branchCoverage="0" maxCyclomaticComplexity="1" minCyclomaticComplexity="1" maxCrapScore="2" minCrapScore="2" visitedClasses="0" numClasses="0" visitedMethods="0" numMethods="1" />
              <MetadataToken>100663299</MetadataToken>
              <Name>System.Void Prototype.App::OnSleep()</Name>
              <FileRef uid="11" />
              <SequencePoints>
                <SequencePoint vc="0" uspid="91" ordinal="0" offset="0" sl="29" sc="9" el="29" ec="10" bec="0" bev="0" fileid="11" />
                <SequencePoint vc="0" uspid="92" ordinal="1" offset="1" sl="31" sc="9" el="31" ec="10" bec="0" bev="0" fileid="11" />
              </SequencePoints>
              <BranchPoints />
              <MethodPoint xsi:type="SequencePoint" vc="0" uspid="91" ordinal="0" offset="0" sl="29" sc="9" el="29" ec="10" bec="0" bev="0" fileid="11" />
            </Method>
            <Method visited="false" cyclomaticComplexity="1" nPathComplexity="0" sequenceCoverage="0" branchCoverage="0" crapScore="2" isConstructor="false" isStatic="false" isGetter="false" isSetter="false">
              <Summary numSequencePoints="2" visitedSequencePoints="0" numBranchPoints="1" visitedBranchPoints="0" sequenceCoverage="0" branchCoverage="0" maxCyclomaticComplexity="1" minCyclomaticComplexity="1" maxCrapScore="2" minCrapScore="2" visitedClasses="0" numClasses="0" visitedMethods="0" numMethods="1" />
              <MetadataToken>100663300</MetadataToken>
              <Name>System.Void Prototype.App::OnResume()</Name>
              <FileRef uid="11" />
              <SequencePoints>
                <SequencePoint vc="0" uspid="93" ordinal="0" offset="0" sl="34" sc="9" el="34" ec="10" bec="0" bev="0" fileid="11" />
                <SequencePoint vc="0" uspid="94" ordinal="1" offset="1" sl="36" sc="9" el="36" ec="10" bec="0" bev="0" fileid="11" />
              </SequencePoints>
              <BranchPoints />
              <MethodPoint xsi:type="SequencePoint" vc="0" uspid="93" ordinal="0" offset="0" sl="34" sc="9" el="34" ec="10" bec="0" bev="0" fileid="11" />
            </Method>
            <Method visited="false" cyclomaticComplexity="1" nPathComplexity="0" sequenceCoverage="0" branchCoverage="0" crapScore="2" isConstructor="false" isStatic="false" isGetter="false" isSetter="false">
              <Summary numSequencePoints="3" visitedSequencePoints="0" numBranchPoints="1" visitedBranchPoints="0" sequenceCoverage="0" branchCoverage="0" maxCyclomaticComplexity="1" minCyclomaticComplexity="1" maxCrapScore="2" minCrapScore="2" visitedClasses="0" numClasses="0" visitedMethods="0" numMethods="1" />
              <MetadataToken>100663301</MetadataToken>
              <Name>System.Void Prototype.App::InitializeComponent()</Name>
              <FileRef uid="12" />
              <SequencePoints>
                <SequencePoint vc="0" uspid="95" ordinal="0" offset="0" sl="18" sc="44" el="18" ec="45" bec="0" bev="0" fileid="12" />
                <SequencePoint vc="0" uspid="96" ordinal="1" offset="1" sl="19" sc="13" el="19" ec="83" bec="0" bev="0" fileid="12" />
                <SequencePoint vc="0" uspid="97" ordinal="2" offset="18" sl="20" sc="9" el="20" ec="10" bec="0" bev="0" fileid="12" />
              </SequencePoints>
              <BranchPoints />
              <MethodPoint xsi:type="SequencePoint" vc="0" uspid="95" ordinal="0" offset="0" sl="18" sc="44" el="18" ec="45" bec="0" bev="0" fileid="12" />
            </Method>
          </Methods>
        </Class>
        <Class>
          <Summary numSequencePoints="25" visitedSequencePoints="0" numBranchPoints="12" visitedBranchPoints="0" sequenceCoverage="0" branchCoverage="0" maxCyclomaticComplexity="5" minCyclomaticComplexity="1" maxCrapScore="30" minCrapScore="2" visitedClasses="0" numClasses="1" visitedMethods="0" numMethods="4" />
          <FullName>Prototype.ApplyPage</FullName>
          <Methods>
            <Method skippedDueTo="AutoImplementedProperty" visited="false" cyclomaticComplexity="1" nPathComplexity="0" sequenceCoverage="0" branchCoverage="0" crapScore="0" isConstructor="false" isStatic="false" isGetter="true" isSetter="false">
              <MetadataToken>100663302</MetadataToken>
              <Name>System.String Prototype.ApplyPage::get_Status()</Name>
              <FileRef uid="13" />
              <SequencePoints />
              <BranchPoints />
            </Method>
            <Method skippedDueTo="AutoImplementedProperty" visited="false" cyclomaticComplexity="1" nPathComplexity="0" sequenceCoverage="0" branchCoverage="0" crapScore="0" isConstructor="false" isStatic="false" isGetter="false" isSetter="true">
              <MetadataToken>100663303</MetadataToken>
              <Name>System.Void Prototype.ApplyPage::set_Status(System.String)</Name>
              <FileRef uid="13" />
              <SequencePoints />
              <BranchPoints />
            </Method>
            <Method visited="false" cyclomaticComplexity="2" nPathComplexity="2" sequenceCoverage="0" branchCoverage="0" crapScore="6" isConstructor="true" isStatic="false" isGetter="false" isSetter="false">
              <Summary numSequencePoints="15" visitedSequencePoints="0" numBranchPoints="3" visitedBranchPoints="0" sequenceCoverage="0" branchCoverage="0" maxCyclomaticComplexity="2" minCyclomaticComplexity="2" maxCrapScore="6" minCrapScore="6" visitedClasses="0" numClasses="0" visitedMethods="0" numMethods="1" />
              <MetadataToken>100663304</MetadataToken>
              <Name>System.Void Prototype.ApplyPage::.ctor()</Name>
              <FileRef uid="13" />
              <SequencePoints>
                <SequencePoint vc="0" uspid="98" ordinal="0" offset="0" sl="17" sc="9" el="17" ec="27" bec="0" bev="0" fileid="13" />
                <SequencePoint vc="0" uspid="99" ordinal="1" offset="7" sl="18" sc="9" el="18" ec="10" bec="0" bev="0" fileid="13" />
                <SequencePoint vc="0" uspid="100" ordinal="2" offset="8" sl="19" sc="13" el="19" ec="35" bec="0" bev="0" fileid="13" />
                <SequencePoint vc="0" uspid="101" ordinal="3" offset="15" sl="20" sc="13" el="20" ec="27" bec="2" bev="0" fileid="13" />
                <SequencePoint vc="0" uspid="102" ordinal="4" offset="25" sl="21" sc="13" el="21" ec="14" bec="0" bev="0" fileid="13" />
                <SequencePoint vc="0" uspid="103" ordinal="5" offset="26" sl="22" sc="17" el="22" ec="95" bec="0" bev="0" fileid="13" />
                <SequencePoint vc="0" uspid="104" ordinal="6" offset="38" sl="23" sc="17" el="23" ec="43" bec="0" bev="0" fileid="13" />
                <SequencePoint vc="0" uspid="105" ordinal="7" offset="56" sl="24" sc="17" el="24" ec="48" bec="0" bev="0" fileid="13" />
                <SequencePoint vc="0" uspid="106" ordinal="8" offset="69" sl="25" sc="17" el="25" ec="48" bec="0" bev="0" fileid="13" />
                <SequencePoint vc="0" uspid="107" ordinal="9" offset="82" sl="26" sc="13" el="26" ec="14" bec="0" bev="0" fileid="13" />
                <SequencePoint vc="0" uspid="108" ordinal="10" offset="85" sl="27" sc="13" el="27" ec="14" bec="0" bev="0" fileid="13" />
                <SequencePoint vc="0" uspid="109" ordinal="11" offset="86" sl="28" sc="17" el="28" ec="126" bec="0" bev="0" fileid="13" />
                <SequencePoint vc="0" uspid="110" ordinal="12" offset="98" sl="29" sc="17" el="29" ec="43" bec="0" bev="0" fileid="13" />
                <SequencePoint vc="0" uspid="111" ordinal="13" offset="116" sl="31" sc="13" el="31" ec="14" bec="0" bev="0" fileid="13" />
                <SequencePoint vc="0" uspid="112" ordinal="14" offset="117" sl="32" sc="9" el="32" ec="10" bec="0" bev="0" fileid="13" />
              </SequencePoints>
              <BranchPoints>
                <BranchPoint vc="0" uspid="113" ordinal="0" offset="23" sl="20" path="0" offsetend="25" fileid="13" />
                <BranchPoint vc="0" uspid="114" ordinal="1" offset="23" sl="20" path="1" offsetend="85" fileid="13" />
              </BranchPoints>
              <MethodPoint xsi:type="SequencePoint" vc="0" uspid="98" ordinal="0" offset="0" sl="17" sc="9" el="17" ec="27" bec="0" bev="0" fileid="13" />
            </Method>
            <Method visited="false" cyclomaticComplexity="1" nPathComplexity="0" sequenceCoverage="0" branchCoverage="0" crapScore="2" isConstructor="false" isStatic="false" isGetter="false" isSetter="false">
              <Summary numSequencePoints="5" visitedSequencePoints="0" numBranchPoints="1" visitedBranchPoints="0" sequenceCoverage="0" branchCoverage="0" maxCyclomaticComplexity="1" minCyclomaticComplexity="1" maxCrapScore="2" minCrapScore="2" visitedClasses="0" numClasses="0" visitedMethods="0" numMethods="1" />
              <MetadataToken>100663305</MetadataToken>
              <Name>System.Void Prototype.ApplyPage::StartApplication()</Name>
              <FileRef uid="13" />
              <SequencePoints>
                <SequencePoint vc="0" uspid="115" ordinal="0" offset="0" sl="35" sc="9" el="35" ec="10" bec="0" bev="0" fileid="13" />
                <SequencePoint vc="0" uspid="116" ordinal="1" offset="1" sl="36" sc="13" el="36" ec="55" bec="0" bev="0" fileid="13" />
                <SequencePoint vc="0" uspid="117" ordinal="2" offset="7" sl="37" sc="13" el="37" ec="64" bec="0" bev="0" fileid="13" />
                <SequencePoint vc="0" uspid="118" ordinal="3" offset="14" sl="38" sc="13" el="38" ec="43" bec="0" bev="0" fileid="13" />
                <SequencePoint vc="0" uspid="119" ordinal="4" offset="27" sl="39" sc="9" el="39" ec="10" bec="0" bev="0" fileid="13" />
              </SequencePoints>
              <BranchPoints />
              <MethodPoint xsi:type="SequencePoint" vc="0" uspid="115" ordinal="0" offset="0" sl="35" sc="9" el="35" ec="10" bec="0" bev="0" fileid="13" />
            </Method>
            <Method visited="false" cyclomaticComplexity="1" nPathComplexity="0" sequenceCoverage="0" branchCoverage="0" crapScore="2" isConstructor="false" isStatic="false" isGetter="false" isSetter="false">
              <Summary numSequencePoints="3" visitedSequencePoints="0" numBranchPoints="1" visitedBranchPoints="0" sequenceCoverage="0" branchCoverage="0" maxCyclomaticComplexity="1" minCyclomaticComplexity="1" maxCrapScore="2" minCrapScore="2" visitedClasses="0" numClasses="0" visitedMethods="0" numMethods="1" />
              <MetadataToken>100663306</MetadataToken>
              <Name>System.Boolean Prototype.ApplyPage::IsActive()</Name>
              <FileRef uid="13" />
              <SequencePoints>
                <SequencePoint vc="0" uspid="120" ordinal="0" offset="0" sl="44" sc="9" el="44" ec="10" bec="0" bev="0" fileid="13" />
                <SequencePoint vc="0" uspid="121" ordinal="1" offset="1" sl="45" sc="13" el="45" ec="25" bec="0" bev="0" fileid="13" />
                <SequencePoint vc="0" uspid="122" ordinal="2" offset="5" sl="46" sc="9" el="46" ec="10" bec="0" bev="0" fileid="13" />
              </SequencePoints>
              <BranchPoints />
              <MethodPoint xsi:type="SequencePoint" vc="0" uspid="120" ordinal="0" offset="0" sl="44" sc="9" el="44" ec="10" bec="0" bev="0" fileid="13" />
            </Method>
            <Method visited="false" cyclomaticComplexity="5" nPathComplexity="8" sequenceCoverage="0" branchCoverage="0" crapScore="30" isConstructor="false" isStatic="false" isGetter="false" isSetter="false">
              <Summary numSequencePoints="2" visitedSequencePoints="0" numBranchPoints="7" visitedBranchPoints="0" sequenceCoverage="0" branchCoverage="0" maxCyclomaticComplexity="5" minCyclomaticComplexity="5" maxCrapScore="30" minCrapScore="30" visitedClasses="0" numClasses="0" visitedMethods="0" numMethods="1" />
              <MetadataToken>100663307</MetadataToken>
              <Name>System.Void Prototype.ApplyPage::InitializeComponent()</Name>
              <FileRef uid="14" />
              <SequencePoints>
                <SequencePoint vc="0" uspid="123" ordinal="0" offset="1" sl="29" sc="13" el="29" ec="89" bec="2" bev="0" fileid="14" />
                <SequencePoint vc="0" uspid="124" ordinal="1" offset="18" sl="30" sc="13" el="30" ec="130" bec="4" bev="0" fileid="14" />
              </SequencePoints>
              <BranchPoints>
                <BranchPoint vc="0" uspid="125" ordinal="0" offset="6" sl="29" path="0" offsetend="8" fileid="14" />
                <BranchPoint vc="0" uspid="126" ordinal="1" offset="6" sl="29" path="1" offsetend="32" fileid="14" />
                <BranchPoint vc="0" uspid="127" ordinal="2" offset="23" sl="30" path="0" offsetend="25" fileid="14" />
                <BranchPoint vc="0" uspid="128" ordinal="3" offset="23" sl="30" path="1" offsetend="32" fileid="14" />
                <BranchPoint vc="0" uspid="131" ordinal="6" offset="56" sl="30" path="0" offsetend="58" fileid="14" />
                <BranchPoint vc="0" uspid="132" ordinal="7" offset="56" sl="30" path="1" offsetend="65" fileid="14" />
              </BranchPoints>
              <MethodPoint vc="0" uspid="133" ordinal="0" offset="0" />
            </Method>
            <Method visited="false" cyclomaticComplexity="1" nPathComplexity="0" sequenceCoverage="0" branchCoverage="0" crapScore="2" isConstructor="false" isStatic="false" isGetter="false" isSetter="false">
              <Summary numSequencePoints="0" visitedSequencePoints="0" numBranchPoints="0" visitedBranchPoints="0" sequenceCoverage="0" branchCoverage="0" maxCyclomaticComplexity="1" minCyclomaticComplexity="1" maxCrapScore="2" minCrapScore="2" visitedClasses="0" numClasses="0" visitedMethods="0" numMethods="0" />
              <MetadataToken>100663308</MetadataToken>
              <Name>System.Void Prototype.ApplyPage::__InitComponentRuntime()</Name>
              <SequencePoints />
              <BranchPoints />
              <MethodPoint vc="0" uspid="134" ordinal="0" offset="0" />
            </Method>
          </Methods>
        </Class>
        <Class>
          <Summary numSequencePoints="19" visitedSequencePoints="0" numBranchPoints="11" visitedBranchPoints="0" sequenceCoverage="0" branchCoverage="0" maxCyclomaticComplexity="5" minCyclomaticComplexity="1" maxCrapScore="30" minCrapScore="2" visitedClasses="0" numClasses="1" visitedMethods="0" numMethods="3" />
          <FullName>Prototype.AppNavigationPage</FullName>
          <Methods>
            <Method visited="false" cyclomaticComplexity="1" nPathComplexity="0" sequenceCoverage="0" branchCoverage="0" crapScore="2" isConstructor="true" isStatic="false" isGetter="false" isSetter="false">
              <Summary numSequencePoints="4" visitedSequencePoints="0" numBranchPoints="1" visitedBranchPoints="0" sequenceCoverage="0" branchCoverage="0" maxCyclomaticComplexity="1" minCyclomaticComplexity="1" maxCrapScore="2" minCrapScore="2" visitedClasses="0" numClasses="0" visitedMethods="0" numMethods="1" />
              <MetadataToken>100663309</MetadataToken>
              <Name>System.Void Prototype.AppNavigationPage::.ctor()</Name>
              <FileRef uid="15" />
              <SequencePoints>
                <SequencePoint vc="0" uspid="135" ordinal="0" offset="0" sl="16" sc="9" el="16" ec="35" bec="0" bev="0" fileid="15" />
                <SequencePoint vc="0" uspid="136" ordinal="1" offset="7" sl="17" sc="9" el="17" ec="10" bec="0" bev="0" fileid="15" />
                <SequencePoint vc="0" uspid="137" ordinal="2" offset="8" sl="18" sc="13" el="18" ec="35" bec="0" bev="0" fileid="15" />
                <SequencePoint vc="0" uspid="138" ordinal="3" offset="15" sl="20" sc="9" el="20" ec="10" bec="0" bev="0" fileid="15" />
              </SequencePoints>
              <BranchPoints />
              <MethodPoint xsi:type="SequencePoint" vc="0" uspid="135" ordinal="0" offset="0" sl="16" sc="9" el="16" ec="35" bec="0" bev="0" fileid="15" />
            </Method>
            <Method visited="false" cyclomaticComplexity="2" nPathComplexity="2" sequenceCoverage="0" branchCoverage="0" crapScore="6" isConstructor="false" isStatic="false" isGetter="false" isSetter="false">
              <Summary numSequencePoints="12" visitedSequencePoints="0" numBranchPoints="3" visitedBranchPoints="0" sequenceCoverage="0" branchCoverage="0" maxCyclomaticComplexity="2" minCyclomaticComplexity="2" maxCrapScore="6" minCrapScore="6" visitedClasses="0" numClasses="0" visitedMethods="0" numMethods="1" />
              <MetadataToken>100663310</MetadataToken>
              <Name>System.Void Prototype.AppNavigationPage::ToHomePage()</Name>
              <FileRef uid="15" />
              <SequencePoints>
                <SequencePoint vc="0" uspid="139" ordinal="0" offset="0" sl="25" sc="9" el="25" ec="10" bec="0" bev="0" fileid="15" />
                <SequencePoint vc="0" uspid="140" ordinal="1" offset="1" sl="27" sc="13" el="27" ec="58" bec="2" bev="0" fileid="15" />
                <SequencePoint vc="0" uspid="141" ordinal="2" offset="13" sl="28" sc="13" el="28" ec="14" bec="0" bev="0" fileid="15" />
                <SequencePoint vc="0" uspid="142" ordinal="3" offset="14" sl="30" sc="13" el="30" ec="14" bec="0" bev="0" fileid="15" />
                <SequencePoint vc="0" uspid="143" ordinal="4" offset="17" sl="32" sc="13" el="32" ec="14" bec="0" bev="0" fileid="15" />
                <SequencePoint vc="0" uspid="144" ordinal="5" offset="18" sl="34" sc="17" el="34" ec="87" bec="0" bev="0" fileid="15" />
                <SequencePoint vc="0" uspid="145" ordinal="6" offset="30" sl="36" sc="13" el="36" ec="14" bec="0" bev="0" fileid="15" />
                <SequencePoint vc="0" uspid="146" ordinal="7" offset="31" sl="38" sc="13" el="38" ec="73" bec="0" bev="0" fileid="15" />
                <SequencePoint vc="0" uspid="147" ordinal="8" offset="52" sl="39" sc="13" el="42" ec="15" bec="0" bev="0" fileid="15" />
                <SequencePoint vc="0" uspid="148" ordinal="9" offset="71" sl="43" sc="13" el="43" ec="31" bec="0" bev="0" fileid="15" />
                <SequencePoint vc="0" uspid="149" ordinal="10" offset="79" sl="44" sc="13" el="44" ec="33" bec="0" bev="0" fileid="15" />
                <SequencePoint vc="0" uspid="150" ordinal="11" offset="87" sl="45" sc="9" el="45" ec="10" bec="0" bev="0" fileid="15" />
              </SequencePoints>
              <BranchPoints>
                <BranchPoint vc="0" uspid="151" ordinal="0" offset="11" sl="27" path="0" offsetend="13" fileid="15" />
                <BranchPoint vc="0" uspid="152" ordinal="1" offset="11" sl="27" path="1" offsetend="17" fileid="15" />
              </BranchPoints>
              <MethodPoint xsi:type="SequencePoint" vc="0" uspid="139" ordinal="0" offset="0" sl="25" sc="9" el="25" ec="10" bec="0" bev="0" fileid="15" />
            </Method>
            <Method visited="false" cyclomaticComplexity="5" nPathComplexity="8" sequenceCoverage="0" branchCoverage="0" crapScore="30" isConstructor="false" isStatic="false" isGetter="false" isSetter="false">
              <Summary numSequencePoints="3" visitedSequencePoints="0" numBranchPoints="7" visitedBranchPoints="0" sequenceCoverage="0" branchCoverage="0" maxCyclomaticComplexity="5" minCyclomaticComplexity="5" maxCrapScore="30" minCrapScore="30" visitedClasses="0" numClasses="0" visitedMethods="0" numMethods="1" />
              <MetadataToken>100663311</MetadataToken>
              <Name>System.Void Prototype.AppNavigationPage::InitializeComponent()</Name>
              <FileRef uid="16" />
              <SequencePoints>
                <SequencePoint vc="0" uspid="153" ordinal="0" offset="0" sl="25" sc="44" el="25" ec="45" bec="0" bev="0" fileid="16" />
                <SequencePoint vc="0" uspid="154" ordinal="1" offset="1" sl="26" sc="13" el="26" ec="97" bec="2" bev="0" fileid="16" />
                <SequencePoint vc="0" uspid="155" ordinal="2" offset="18" sl="27" sc="13" el="27" ec="122" bec="4" bev="0" fileid="16" />
              </SequencePoints>
[...]
              <MetadataToken>100663374</MetadataToken>
              <Name>Xamarin.UITest.Queries.AppQuery UITests.Tests/&lt;&gt;c::&lt;ApplyTest&gt;b__10_42(Xamarin.UITest.Queries.AppQuery)</Name>
              <FileRef uid="125" />
              <SequencePoints>
                <SequencePoint vc="1" uspid="1665" ordinal="0" offset="0" sl="140" sc="26" el="140" ec="52" bec="0" bev="0" fileid="125">
                  <TrackedMethodRefs>
                    <TrackedMethodRef uid="21" vc="1" />
                  </TrackedMethodRefs>
                </SequencePoint>
              </SequencePoints>
              <BranchPoints />
              <MethodPoint xsi:type="SequencePoint" vc="1" uspid="1665" ordinal="0" offset="0" sl="140" sc="26" el="140" ec="52" bec="0" bev="0" fileid="125">
                <TrackedMethodRefs>
                  <TrackedMethodRef uid="21" vc="1" />
                </TrackedMethodRefs>
              </MethodPoint>
            </Method>
            <Method visited="true" cyclomaticComplexity="1" nPathComplexity="0" sequenceCoverage="100" branchCoverage="100" crapScore="1" isConstructor="false" isStatic="false" isGetter="false" isSetter="false">
              <Summary numSequencePoints="1" visitedSequencePoints="1" numBranchPoints="1" visitedBranchPoints="1" sequenceCoverage="100" branchCoverage="100" maxCyclomaticComplexity="1" minCyclomaticComplexity="1" maxCrapScore="1" minCrapScore="1" visitedClasses="0" numClasses="0" visitedMethods="1" numMethods="1" />
              <MetadataToken>100663375</MetadataToken>
              <Name>Xamarin.UITest.Queries.AppQuery UITests.Tests/&lt;&gt;c::&lt;ApplyTest&gt;b__10_43(Xamarin.UITest.Queries.AppQuery)</Name>
              <FileRef uid="125" />
              <SequencePoints>
                <SequencePoint vc="1" uspid="1666" ordinal="0" offset="0" sl="141" sc="32" el="141" ec="58" bec="0" bev="0" fileid="125">
                  <TrackedMethodRefs>
                    <TrackedMethodRef uid="21" vc="1" />
                  </TrackedMethodRefs>
                </SequencePoint>
              </SequencePoints>
              <BranchPoints />
              <MethodPoint xsi:type="SequencePoint" vc="1" uspid="1666" ordinal="0" offset="0" sl="141" sc="32" el="141" ec="58" bec="0" bev="0" fileid="125">
                <TrackedMethodRefs>
                  <TrackedMethodRef uid="21" vc="1" />
                </TrackedMethodRefs>
              </MethodPoint>
            </Method>
            <Method visited="true" cyclomaticComplexity="1" nPathComplexity="0" sequenceCoverage="100" branchCoverage="100" crapScore="1" isConstructor="false" isStatic="false" isGetter="false" isSetter="false">
              <Summary numSequencePoints="1" visitedSequencePoints="1" numBranchPoints="1" visitedBranchPoints="1" sequenceCoverage="100" branchCoverage="100" maxCyclomaticComplexity="1" minCyclomaticComplexity="1" maxCrapScore="1" minCrapScore="1" visitedClasses="0" numClasses="0" visitedMethods="1" numMethods="1" />
              <MetadataToken>100663376</MetadataToken>
              <Name>Xamarin.UITest.Queries.AppQuery UITests.Tests/&lt;&gt;c::&lt;ApplyTest&gt;b__10_44(Xamarin.UITest.Queries.AppQuery)</Name>
              <FileRef uid="125" />
              <SequencePoints>
                <SequencePoint vc="1" uspid="1667" ordinal="0" offset="0" sl="142" sc="26" el="142" ec="52" bec="0" bev="0" fileid="125">
                  <TrackedMethodRefs>
                    <TrackedMethodRef uid="21" vc="1" />
                  </TrackedMethodRefs>
                </SequencePoint>
              </SequencePoints>
              <BranchPoints />
              <MethodPoint xsi:type="SequencePoint" vc="1" uspid="1667" ordinal="0" offset="0" sl="142" sc="26" el="142" ec="52" bec="0" bev="0" fileid="125">
                <TrackedMethodRefs>
                  <TrackedMethodRef uid="21" vc="1" />
                </TrackedMethodRefs>
              </MethodPoint>
            </Method>
            <Method visited="true" cyclomaticComplexity="1" nPathComplexity="0" sequenceCoverage="100" branchCoverage="100" crapScore="1" isConstructor="false" isStatic="false" isGetter="false" isSetter="false">
              <Summary numSequencePoints="1" visitedSequencePoints="1" numBranchPoints="1" visitedBranchPoints="1" sequenceCoverage="100" branchCoverage="100" maxCyclomaticComplexity="1" minCyclomaticComplexity="1" maxCrapScore="1" minCrapScore="1" visitedClasses="0" numClasses="0" visitedMethods="1" numMethods="1" />
              <MetadataToken>100663377</MetadataToken>
              <Name>Xamarin.UITest.Queries.AppQuery UITests.Tests/&lt;&gt;c::&lt;ApplyTest&gt;b__10_45(Xamarin.UITest.Queries.AppQuery)</Name>
              <FileRef uid="125" />
              <SequencePoints>
                <SequencePoint vc="1" uspid="1668" ordinal="0" offset="0" sl="143" sc="32" el="143" ec="58" bec="0" bev="0" fileid="125">
                  <TrackedMethodRefs>
                    <TrackedMethodRef uid="21" vc="1" />
                  </TrackedMethodRefs>
                </SequencePoint>
              </SequencePoints>
              <BranchPoints />
              <MethodPoint xsi:type="SequencePoint" vc="1" uspid="1668" ordinal="0" offset="0" sl="143" sc="32" el="143" ec="58" bec="0" bev="0" fileid="125">
                <TrackedMethodRefs>
                  <TrackedMethodRef uid="21" vc="1" />
                </TrackedMethodRefs>
              </MethodPoint>
            </Method>
            <Method visited="true" cyclomaticComplexity="1" nPathComplexity="0" sequenceCoverage="100" branchCoverage="100" crapScore="1" isConstructor="false" isStatic="false" isGetter="false" isSetter="false">
              <Summary numSequencePoints="1" visitedSequencePoints="1" numBranchPoints="1" visitedBranchPoints="1" sequenceCoverage="100" branchCoverage="100" maxCyclomaticComplexity="1" minCyclomaticComplexity="1" maxCrapScore="1" minCrapScore="1" visitedClasses="0" numClasses="0" visitedMethods="1" numMethods="1" />
              <MetadataToken>100663378</MetadataToken>
              <Name>Xamarin.UITest.Queries.AppQuery UITests.Tests/&lt;&gt;c::&lt;ApplyTest&gt;b__10_46(Xamarin.UITest.Queries.AppQuery)</Name>
              <FileRef uid="125" />
              <SequencePoints>
                <SequencePoint vc="1" uspid="1669" ordinal="0" offset="0" sl="144" sc="26" el="144" ec="52" bec="0" bev="0" fileid="125">
                  <TrackedMethodRefs>
                    <TrackedMethodRef uid="21" vc="1" />
                  </TrackedMethodRefs>
                </SequencePoint>
              </SequencePoints>
              <BranchPoints />
              <MethodPoint xsi:type="SequencePoint" vc="1" uspid="1669" ordinal="0" offset="0" sl="144" sc="26" el="144" ec="52" bec="0" bev="0" fileid="125">
                <TrackedMethodRefs>
                  <TrackedMethodRef uid="21" vc="1" />
                </TrackedMethodRefs>
              </MethodPoint>
            </Method>
            <Method visited="true" cyclomaticComplexity="1" nPathComplexity="0" sequenceCoverage="100" branchCoverage="100" crapScore="1" isConstructor="false" isStatic="false" isGetter="false" isSetter="false">
              <Summary numSequencePoints="1" visitedSequencePoints="1" numBranchPoints="1" visitedBranchPoints="1" sequenceCoverage="100" branchCoverage="100" maxCyclomaticComplexity="1" minCyclomaticComplexity="1" maxCrapScore="1" minCrapScore="1" visitedClasses="0" numClasses="0" visitedMethods="1" numMethods="1" />
              <MetadataToken>100663379</MetadataToken>
              <Name>Xamarin.UITest.Queries.AppQuery UITests.Tests/&lt;&gt;c::&lt;ApplyTest&gt;b__10_47(Xamarin.UITest.Queries.AppQuery)</Name>
              <FileRef uid="125" />
              <SequencePoints>
                <SequencePoint vc="1" uspid="1670" ordinal="0" offset="0" sl="145" sc="26" el="145" ec="40" bec="0" bev="0" fileid="125">
                  <TrackedMethodRefs>
                    <TrackedMethodRef uid="21" vc="1" />
                  </TrackedMethodRefs>
                </SequencePoint>
              </SequencePoints>
              <BranchPoints />
              <MethodPoint xsi:type="SequencePoint" vc="1" uspid="1670" ordinal="0" offset="0" sl="145" sc="26" el="145" ec="40" bec="0" bev="0" fileid="125">
                <TrackedMethodRefs>
                  <TrackedMethodRef uid="21" vc="1" />
                </TrackedMethodRefs>
              </MethodPoint>
            </Method>
            <Method visited="true" cyclomaticComplexity="1" nPathComplexity="0" sequenceCoverage="100" branchCoverage="100" crapScore="1" isConstructor="false" isStatic="false" isGetter="false" isSetter="false">
              <Summary numSequencePoints="1" visitedSequencePoints="1" numBranchPoints="1" visitedBranchPoints="1" sequenceCoverage="100" branchCoverage="100" maxCyclomaticComplexity="1" minCyclomaticComplexity="1" maxCrapScore="1" minCrapScore="1" visitedClasses="0" numClasses="0" visitedMethods="1" numMethods="1" />
              <MetadataToken>100663380</MetadataToken>
              <Name>Xamarin.UITest.Queries.AppQuery UITests.Tests/&lt;&gt;c::&lt;ApplyTest&gt;b__10_48(Xamarin.UITest.Queries.AppQuery)</Name>
              <FileRef uid="125" />
              <SequencePoints>
                <SequencePoint vc="1" uspid="1671" ordinal="0" offset="0" sl="146" sc="26" el="146" ec="52" bec="0" bev="0" fileid="125">
                  <TrackedMethodRefs>
                    <TrackedMethodRef uid="21" vc="1" />
                  </TrackedMethodRefs>
                </SequencePoint>
              </SequencePoints>
              <BranchPoints />
              <MethodPoint xsi:type="SequencePoint" vc="1" uspid="1671" ordinal="0" offset="0" sl="146" sc="26" el="146" ec="52" bec="0" bev="0" fileid="125">
                <TrackedMethodRefs>
                  <TrackedMethodRef uid="21" vc="1" />
                </TrackedMethodRefs>
              </MethodPoint>
            </Method>
            <Method visited="true" cyclomaticComplexity="1" nPathComplexity="0" sequenceCoverage="100" branchCoverage="100" crapScore="1" isConstructor="false" isStatic="false" isGetter="false" isSetter="false">
              <Summary numSequencePoints="1" visitedSequencePoints="1" numBranchPoints="1" visitedBranchPoints="1" sequenceCoverage="100" branchCoverage="100" maxCyclomaticComplexity="1" minCyclomaticComplexity="1" maxCrapScore="1" minCrapScore="1" visitedClasses="0" numClasses="0" visitedMethods="1" numMethods="1" />
              <MetadataToken>100663381</MetadataToken>
              <Name>Xamarin.UITest.Queries.AppQuery UITests.Tests/&lt;&gt;c::&lt;ApplyTest&gt;b__10_49(Xamarin.UITest.Queries.AppQuery)</Name>
              <FileRef uid="125" />
              <SequencePoints>
                <SequencePoint vc="1" uspid="1672" ordinal="0" offset="0" sl="147" sc="32" el="147" ec="58" bec="0" bev="0" fileid="125">
                  <TrackedMethodRefs>
                    <TrackedMethodRef uid="21" vc="1" />
                  </TrackedMethodRefs>
                </SequencePoint>
              </SequencePoints>
              <BranchPoints />
              <MethodPoint xsi:type="SequencePoint" vc="1" uspid="1672" ordinal="0" offset="0" sl="147" sc="32" el="147" ec="58" bec="0" bev="0" fileid="125">
                <TrackedMethodRefs>
                  <TrackedMethodRef uid="21" vc="1" />
                </TrackedMethodRefs>
              </MethodPoint>
            </Method>
            <Method visited="true" cyclomaticComplexity="1" nPathComplexity="0" sequenceCoverage="100" branchCoverage="100" crapScore="1" isConstructor="false" isStatic="false" isGetter="false" isSetter="false">
              <Summary numSequencePoints="1" visitedSequencePoints="1" numBranchPoints="1" visitedBranchPoints="1" sequenceCoverage="100" branchCoverage="100" maxCyclomaticComplexity="1" minCyclomaticComplexity="1" maxCrapScore="1" minCrapScore="1" visitedClasses="0" numClasses="0" visitedMethods="1" numMethods="1" />
              <MetadataToken>100663382</MetadataToken>
              <Name>Xamarin.UITest.Queries.AppQuery UITests.Tests/&lt;&gt;c::&lt;ApplyTest&gt;b__10_50(Xamarin.UITest.Queries.AppQuery)</Name>
              <FileRef uid="125" />
              <SequencePoints>
                <SequencePoint vc="1" uspid="1673" ordinal="0" offset="0" sl="149" sc="26" el="149" ec="40" bec="0" bev="0" fileid="125">
                  <TrackedMethodRefs>
                    <TrackedMethodRef uid="21" vc="1" />
                  </TrackedMethodRefs>
                </SequencePoint>
              </SequencePoints>
              <BranchPoints />
              <MethodPoint xsi:type="SequencePoint" vc="1" uspid="1673" ordinal="0" offset="0" sl="149" sc="26" el="149" ec="40" bec="0" bev="0" fileid="125">
                <TrackedMethodRefs>
                  <TrackedMethodRef uid="21" vc="1" />
                </TrackedMethodRefs>
              </MethodPoint>
            </Method>
            <Method visited="true" cyclomaticComplexity="1" nPathComplexity="0" sequenceCoverage="100" branchCoverage="100" crapScore="1" isConstructor="false" isStatic="false" isGetter="false" isSetter="false">
              <Summary numSequencePoints="1" visitedSequencePoints="1" numBranchPoints="1" visitedBranchPoints="1" sequenceCoverage="100" branchCoverage="100" maxCyclomaticComplexity="1" minCyclomaticComplexity="1" maxCrapScore="1" minCrapScore="1" visitedClasses="0" numClasses="0" visitedMethods="1" numMethods="1" />
              <MetadataToken>100663383</MetadataToken>
              <Name>Xamarin.UITest.Queries.AppQuery UITests.Tests/&lt;&gt;c::&lt;ApplyTest&gt;b__10_51(Xamarin.UITest.Queries.AppQuery)</Name>
              <FileRef uid="125" />
              <SequencePoints>
                <SequencePoint vc="1" uspid="1674" ordinal="0" offset="0" sl="150" sc="26" el="150" ec="53" bec="0" bev="0" fileid="125">
                  <TrackedMethodRefs>
                    <TrackedMethodRef uid="21" vc="1" />
                  </TrackedMethodRefs>
                </SequencePoint>
              </SequencePoints>
              <BranchPoints />
              <MethodPoint xsi:type="SequencePoint" vc="1" uspid="1674" ordinal="0" offset="0" sl="150" sc="26" el="150" ec="53" bec="0" bev="0" fileid="125">
                <TrackedMethodRefs>
                  <TrackedMethodRef uid="21" vc="1" />
                </TrackedMethodRefs>
              </MethodPoint>
            </Method>
            <Method visited="true" cyclomaticComplexity="1" nPathComplexity="0" sequenceCoverage="100" branchCoverage="100" crapScore="1" isConstructor="false" isStatic="false" isGetter="false" isSetter="false">
              <Summary numSequencePoints="1" visitedSequencePoints="1" numBranchPoints="1" visitedBranchPoints="1" sequenceCoverage="100" branchCoverage="100" maxCyclomaticComplexity="1" minCyclomaticComplexity="1" maxCrapScore="1" minCrapScore="1" visitedClasses="0" numClasses="0" visitedMethods="1" numMethods="1" />
              <MetadataToken>100663384</MetadataToken>
              <Name>Xamarin.UITest.Queries.AppQuery UITests.Tests/&lt;&gt;c::&lt;ApplyTest&gt;b__10_52(Xamarin.UITest.Queries.AppQuery)</Name>
              <FileRef uid="125" />
              <SequencePoints>
                <SequencePoint vc="1" uspid="1675" ordinal="0" offset="0" sl="151" sc="32" el="151" ec="59" bec="0" bev="0" fileid="125">
                  <TrackedMethodRefs>
                    <TrackedMethodRef uid="21" vc="1" />
                  </TrackedMethodRefs>
                </SequencePoint>
              </SequencePoints>
              <BranchPoints />
              <MethodPoint xsi:type="SequencePoint" vc="1" uspid="1675" ordinal="0" offset="0" sl="151" sc="32" el="151" ec="59" bec="0" bev="0" fileid="125">
                <TrackedMethodRefs>
                  <TrackedMethodRef uid="21" vc="1" />
                </TrackedMethodRefs>
              </MethodPoint>
            </Method>
            <Method visited="true" cyclomaticComplexity="1" nPathComplexity="0" sequenceCoverage="100" branchCoverage="100" crapScore="1" isConstructor="false" isStatic="false" isGetter="false" isSetter="false">
              <Summary numSequencePoints="1" visitedSequencePoints="1" numBranchPoints="1" visitedBranchPoints="1" sequenceCoverage="100" branchCoverage="100" maxCyclomaticComplexity="1" minCyclomaticComplexity="1" maxCrapScore="1" minCrapScore="1" visitedClasses="0" numClasses="0" visitedMethods="1" numMethods="1" />
              <MetadataToken>100663385</MetadataToken>
              <Name>Xamarin.UITest.Queries.AppQuery UITests.Tests/&lt;&gt;c::&lt;ApplyTest&gt;b__10_53(Xamarin.UITest.Queries.AppQuery)</Name>
              <FileRef uid="125" />
              <SequencePoints>
                <SequencePoint vc="1" uspid="1676" ordinal="0" offset="0" sl="154" sc="26" el="154" ec="42" bec="0" bev="0" fileid="125">
                  <TrackedMethodRefs>
                    <TrackedMethodRef uid="21" vc="1" />
                  </TrackedMethodRefs>
                </SequencePoint>
              </SequencePoints>
              <BranchPoints />
              <MethodPoint xsi:type="SequencePoint" vc="1" uspid="1676" ordinal="0" offset="0" sl="154" sc="26" el="154" ec="42" bec="0" bev="0" fileid="125">
                <TrackedMethodRefs>
                  <TrackedMethodRef uid="21" vc="1" />
                </TrackedMethodRefs>
              </MethodPoint>
            </Method>
          </Methods>
        </Class>
        <Class>
          <Summary numSequencePoints="0" visitedSequencePoints="0" numBranchPoints="0" visitedBranchPoints="0" sequenceCoverage="0" branchCoverage="0" maxCyclomaticComplexity="1" minCyclomaticComplexity="1" maxCrapScore="2" minCrapScore="2" visitedClasses="0" numClasses="0" visitedMethods="0" numMethods="0" />
          <FullName>UITests.AppInitializer</FullName>
          <Methods>
            <Method visited="false" cyclomaticComplexity="1" nPathComplexity="0" sequenceCoverage="0" branchCoverage="0" crapScore="2" isConstructor="true" isStatic="false" isGetter="false" isSetter="false">
              <Summary numSequencePoints="0" visitedSequencePoints="0" numBranchPoints="0" visitedBranchPoints="0" sequenceCoverage="0" branchCoverage="0" maxCyclomaticComplexity="1" minCyclomaticComplexity="1" maxCrapScore="2" minCrapScore="2" visitedClasses="0" numClasses="0" visitedMethods="0" numMethods="0" />
              <MetadataToken>100663308</MetadataToken>
              <Name>System.Void UITests.AppInitializer::.ctor()</Name>
              <SequencePoints />
              <BranchPoints />
              <MethodPoint vc="0" uspid="1677" ordinal="0" offset="0" />
            </Method>
          </Methods>
        </Class>
      </Classes>
      <TrackedMethods>
        <TrackedMethod uid="15" token="100663299" name="System.Void UITests.Tests::AppLaunchesTest()" strategy="NUnitTest" />
        <TrackedMethod uid="16" token="100663300" name="System.Void UITests.Tests::AttendanceTappedTest()" strategy="NUnitTest" />
        <TrackedMethod uid="17" token="100663301" name="System.Void UITests.Tests::TeacherDataLoadedTest()" strategy="NUnitTest" />
        <TrackedMethod uid="18" token="100663302" name="System.Void UITests.Tests::ResourcesTappedTest()" strategy="NUnitTest" />
        <TrackedMethod uid="19" token="100663303" name="System.Void UITests.Tests::FLVSLoginTappedThenHomeTest()" strategy="NUnitTest" />
        <TrackedMethod uid="20" token="100663304" name="System.Void UITests.Tests::ParentPortalTapped()" strategy="NUnitTest" />
        <TrackedMethod uid="21" token="100663305" name="System.Void UITests.Tests::ApplyTest()" strategy="NUnitTest" />
      </TrackedMethods>
    </Module>
  </Modules>
</CoverageSession>